
> intelligent-prompt-builder@1.0.0 test
> playwright test


Running 35 tests using 6 workers

  âœ“   1 [chromium] â€º tests/01-core-prompt-building.spec.js:109:3 â€º Core Prompt Building â€º should show error for empty input (1.8s)
  âœ“   5 [chromium] â€º tests/01-core-prompt-building.spec.js:17:3 â€º Core Prompt Building â€º should load the application successfully (2.3s)
  âœ“   4 [chromium] â€º tests/01-core-prompt-building.spec.js:24:3 â€º Core Prompt Building â€º should generate a simple prompt (7.5s)
  âœ“   2 [chromium] â€º tests/01-core-prompt-building.spec.js:82:3 â€º Core Prompt Building â€º should change style and format (7.6s)
  âœ“   6 [chromium] â€º tests/01-core-prompt-building.spec.js:61:3 â€º Core Prompt Building â€º should change tone and generate different output (9.0s)
  âœ“   9 [chromium] â€º tests/01-core-prompt-building.spec.js:151:3 â€º Core Prompt Building â€º should show token count estimation (1.7s)
  âœ“  10 [chromium] â€º tests/02-ui-controls.spec.js:17:3 â€º UI Controls â€º should toggle dark mode (1.5s)
  âœ“   7 [chromium] â€º tests/01-core-prompt-building.spec.js:115:3 â€º Core Prompt Building â€º should copy prompt to clipboard (7.5s)
  âœ“  11 [chromium] â€º tests/02-ui-controls.spec.js:43:3 â€º UI Controls â€º should expand and collapse sections (1.8s)
  âœ“  12 [chromium] â€º tests/02-ui-controls.spec.js:63:3 â€º UI Controls â€º should open and close settings (1.9s)
  âœ“  13 [chromium] â€º tests/02-ui-controls.spec.js:87:3 â€º UI Controls â€º should show quickstart templates (2.0s)
  âœ“  14 [chromium] â€º tests/02-ui-controls.spec.js:103:3 â€º UI Controls â€º should select a quickstart template (2.2s)
  âœ“  15 [chromium] â€º tests/02-ui-controls.spec.js:124:3 â€º UI Controls â€º should show history panel (983ms)
  âœ“   3 [chromium] â€º tests/01-core-prompt-building.spec.js:42:3 â€º Core Prompt Building â€º should change output type and generate (13.1s)
  âœ“  17 [chromium] â€º tests/02-ui-controls.spec.js:161:3 â€º UI Controls â€º should show tooltips on hover (2.1s)
  âœ“  16 [chromium] â€º tests/02-ui-controls.spec.js:140:3 â€º UI Controls â€º should handle responsive layout (2.3s)
  âœ“  18 [chromium] â€º tests/02-ui-controls.spec.js:178:3 â€º UI Controls â€º should reset form (1.8s)
  âœ“  20 [chromium] â€º tests/03-history-management.spec.js:17:3 â€º History Management â€º should save prompt to history after generation (6.0s)
  âœ“  19 [chromium] â€º tests/02-ui-controls.spec.js:195:3 â€º UI Controls â€º should show loading state during generation (7.9s)
  âœ“  21 [chromium] â€º tests/03-history-management.spec.js:39:3 â€º History Management â€º should load prompt from history (6.9s)
  âœ“   8 [chromium] â€º tests/01-core-prompt-building.spec.js:135:3 â€º Core Prompt Building â€º should handle multiple consecutive generations (18.6s)
  âœ“  22 [chromium] â€º tests/03-history-management.spec.js:69:3 â€º History Management â€º should delete individual history item (7.6s)
  âœ“  25 [chromium] â€º tests/03-history-management.spec.js:163:3 â€º History Management â€º should show empty state when no history (1.1s)
  âœ“  23 [chromium] â€º tests/03-history-management.spec.js:102:3 â€º History Management â€º should clear all history (10.2s)
  âœ“  26 [chromium] â€º tests/03-history-management.spec.js:190:3 â€º History Management â€º should show history item metadata (6.5s)
  âœ“  29 [chromium] â€º tests/04-regression.spec.js:74:3 â€º Regression Tests - Pre/Post Refactor â€º REGRESSION: all tones work (6.9s)
  âœ˜  28 [chromium] â€º tests/04-regression.spec.js:18:3 â€º Regression Tests - Pre/Post Refactor â€º REGRESSION: identical output for same inputs (7.6s)
  âœ“  30 [chromium] â€º tests/04-regression.spec.js:100:3 â€º Regression Tests - Pre/Post Refactor â€º REGRESSION: all formats work (7.4s)
  âœ˜  31 [chromium] â€º tests/04-regression.spec.js:126:3 â€º Regression Tests - Pre/Post Refactor â€º REGRESSION: no console errors during normal flow (16.2s)
  âœ˜  32 [chromium] â€º tests/04-regression.spec.js:151:3 â€º Regression Tests - Pre/Post Refactor â€º REGRESSION: API calls complete successfully (16.0s)
  âœ˜  27 [chromium] â€º tests/04-regression.spec.js:44:3 â€º Regression Tests - Pre/Post Refactor â€º REGRESSION: all output types work (23.3s)
  âœ˜  34 [chromium] â€º tests/04-regression.spec.js:199:3 â€º Regression Tests - Pre/Post Refactor â€º REGRESSION: copy functionality works (16.0s)
  âœ˜  24 [chromium] â€º tests/03-history-management.spec.js:137:3 â€º History Management â€º should persist history across page reloads (30.4s)
  âœ˜  33 [chromium] â€º tests/04-regression.spec.js:178:3 â€º Regression Tests - Pre/Post Refactor â€º REGRESSION: state persists correctly (30.7s)
  âœ˜  35 [chromium] â€º tests/04-regression.spec.js:216:3 â€º Regression Tests - Pre/Post Refactor â€º REGRESSION: error handling works (30.8s)


  1) [chromium] â€º tests/03-history-management.spec.js:137:3 â€º History Management â€º should persist history across page reloads 

    [31mTest timeout of 30000ms exceeded.[39m

    Error: page.waitForLoadState: Test timeout of 30000ms exceeded.

      145 |     // Reload page
      146 |     await page.reload();
    > 147 |     await page.waitForLoadState('networkidle');
          |                ^
      148 |     
      149 |     // Open history
      150 |     const historyButton = page.locator('button').filter({ hasText: /history/i }).first();
        at /Users/thomaswagner/Desktop/Projects.nosync/promptbuilder/intelligent_prompt_builder/tests/03-history-management.spec.js:147:16

    attachment #1: screenshot (image/png) â”€â”€â”€â”€â”€â”€â”€â”€â”€â”€â”€â”€â”€â”€â”€â”€â”€â”€â”€â”€â”€â”€â”€â”€â”€â”€â”€â”€â”€â”€â”€â”€â”€â”€â”€â”€â”€â”€â”€â”€â”€â”€â”€â”€â”€â”€â”€â”€â”€â”€â”€â”€â”€â”€â”€â”€â”€â”€
    test-results/03-history-management-Hist-18d8b-history-across-page-reloads-chromium/test-failed-1.png
    â”€â”€â”€â”€â”€â”€â”€â”€â”€â”€â”€â”€â”€â”€â”€â”€â”€â”€â”€â”€â”€â”€â”€â”€â”€â”€â”€â”€â”€â”€â”€â”€â”€â”€â”€â”€â”€â”€â”€â”€â”€â”€â”€â”€â”€â”€â”€â”€â”€â”€â”€â”€â”€â”€â”€â”€â”€â”€â”€â”€â”€â”€â”€â”€â”€â”€â”€â”€â”€â”€â”€â”€â”€â”€â”€â”€â”€â”€â”€â”€â”€â”€â”€â”€â”€â”€â”€â”€â”€â”€â”€â”€â”€â”€â”€â”€

    attachment #2: video (video/webm) â”€â”€â”€â”€â”€â”€â”€â”€â”€â”€â”€â”€â”€â”€â”€â”€â”€â”€â”€â”€â”€â”€â”€â”€â”€â”€â”€â”€â”€â”€â”€â”€â”€â”€â”€â”€â”€â”€â”€â”€â”€â”€â”€â”€â”€â”€â”€â”€â”€â”€â”€â”€â”€â”€â”€â”€â”€â”€â”€â”€â”€â”€
    test-results/03-history-management-Hist-18d8b-history-across-page-reloads-chromium/video.webm
    â”€â”€â”€â”€â”€â”€â”€â”€â”€â”€â”€â”€â”€â”€â”€â”€â”€â”€â”€â”€â”€â”€â”€â”€â”€â”€â”€â”€â”€â”€â”€â”€â”€â”€â”€â”€â”€â”€â”€â”€â”€â”€â”€â”€â”€â”€â”€â”€â”€â”€â”€â”€â”€â”€â”€â”€â”€â”€â”€â”€â”€â”€â”€â”€â”€â”€â”€â”€â”€â”€â”€â”€â”€â”€â”€â”€â”€â”€â”€â”€â”€â”€â”€â”€â”€â”€â”€â”€â”€â”€â”€â”€â”€â”€â”€â”€

    Error Context: test-results/03-history-management-Hist-18d8b-history-across-page-reloads-chromium/error-context.md

  2) [chromium] â€º tests/04-regression.spec.js:18:3 â€º Regression Tests - Pre/Post Refactor â€º REGRESSION: identical output for same inputs 

    Error: [2mexpect([22m[31mreceived[39m[2m).[22mtoContain[2m([22m[32mexpected[39m[2m) // indexOf[22m

    Expected substring: [32m"PROMPT"[39m
    Received string:    [31m"**LANDING PAGE COPY BLUEPRINT**Â·[39m
    [31m**HERO SECTION**[39m
    [31m- **Headline**: \"AI-Powered Marketing That Grows Your Small Business\"[39m
    [31m- **Subheadline**: \"Stop wasting time on tedious marketing tasks. Our AI automates your campaigns, optimizes your content, and drives real resultsâ€”all on autopilot.\"[39m
    [31m- **CTA Primary**: \"Start Free Trial\" (14-day trial, no credit card required)[39m
    [31m- **Visual Direction**: A clean, modern dashboard showcasing AI-driven insights and automated workflows.Â·[39m
    [31m**PROBLEM SECTION** (75 words)[39m
    [31m- **Hook**: \"Running a small business is hard enough. Marketing shouldn't feel like a full-time job.\"[39m
    [31m- **Pain Points**:[39m
    [31m  - Spending hours creating social media posts that get little engagement.[39m
    [31m  - Difficulty tracking campaign performance and ROI.[39m
    [31m  - Lack of time to personalize marketing messages for each customer.[39m
    [31m- **Cost of Inaction**: \"Without effective marketing, you're losing customers to competitors who are easier to find and more engaging.\"Â·[39m
    [31m**SOLUTION SECTION** (3-5 bullet points)[39m
    [31m- **Feature â†’ Benefit Format, Quantifiable Results**:[39m
    [31m  - \"AI-Powered Content Creation â†’ Generate high-converting blog posts, social media updates, and email newsletters in minutes, saving you 5+ hours per week.\"[39m
    [31m  - \"Automated Campaign Optimization â†’ Our AI continuously analyzes your campaigns and adjusts bidding, targeting, and messaging to maximize ROI by up to 30%.\"[39m
    [31m  - \"Personalized Customer Journeys â†’ Deliver tailored marketing experiences to each customer based on their behavior, leading to a 2x increase in engagement and conversions.\"Â·[39m
    [31m**SOCIAL PROOF**[39m
    [31m- **Testimonial Template with Attribution**: \"[Quote about ease of use and significant ROI improvement]\" - John Smith, Owner of Smith's Bakery[39m
    [31m- **Stats**: \"Trusted by 500+ Small Businesses to Grow Their Revenue\"[39m
    [31m- **Trust Badges**: \"GDPR Compliant\", \"SOC 2 Certified\", \"4.8/5 Stars on Capterra\"Â·[39m
    [31m**HOW IT WORKS** (3-4 numbered steps)[39m
    [31m- **Simple Process, Remove Mental Friction**:[39m
    [31m  1. \"Connect Your Accounts: Seamlessly integrate your existing marketing platforms with our AI.\"[39m
    [31m  2. \"Set Your Goals: Define your target audience, budget, and desired outcomes.\"[39m
    [31m  3. \"Activate the AI: Let our AI automate your campaigns and optimize your results.\"Â·[39m
    [31m**FAQ SECTION** (3-5 questions)[39m
    [31m- **Address Top Objections, Reduce Purchase Anxiety**:[39m
    [31m  - \"Is it easy to set up and use?\"[39m
    [31m  - \"What kind of results can I expect?\"[39m
    [31m  - \"How is my data protected?\"Â·[39m
    [31m**FINAL CTA**[39m
    [31m- **Restate Value + Urgency + Risk Reversal (Guarantee/Trial)**:[39m
    [31m  - **Headline**: \"Unlock the Power of AI for Your Small Business Today\"[39m
    [31m  - **Subtext**: \"Start your 14-day free trial and see how our AI can transform your marketing efforts. No credit card required. Cancel anytime.\"[39m
    [31m  - **Button**: \"Get Started Free â†’\""[39m

      39 |     // Verify output structure (not exact match due to AI variability)
      40 |     expect(output.length).toBeGreaterThan(100);
    > 41 |     expect(output).toContain('PROMPT'); // Should contain prompt structure
         |                    ^
      42 |   });
      43 |
      44 |   test('REGRESSION: all output types work', async ({ page }) => {
        at /Users/thomaswagner/Desktop/Projects.nosync/promptbuilder/intelligent_prompt_builder/tests/04-regression.spec.js:41:20

    attachment #1: screenshot (image/png) â”€â”€â”€â”€â”€â”€â”€â”€â”€â”€â”€â”€â”€â”€â”€â”€â”€â”€â”€â”€â”€â”€â”€â”€â”€â”€â”€â”€â”€â”€â”€â”€â”€â”€â”€â”€â”€â”€â”€â”€â”€â”€â”€â”€â”€â”€â”€â”€â”€â”€â”€â”€â”€â”€â”€â”€â”€â”€
    test-results/04-regression-Regression-T-29ecd-ical-output-for-same-inputs-chromium/test-failed-1.png
    â”€â”€â”€â”€â”€â”€â”€â”€â”€â”€â”€â”€â”€â”€â”€â”€â”€â”€â”€â”€â”€â”€â”€â”€â”€â”€â”€â”€â”€â”€â”€â”€â”€â”€â”€â”€â”€â”€â”€â”€â”€â”€â”€â”€â”€â”€â”€â”€â”€â”€â”€â”€â”€â”€â”€â”€â”€â”€â”€â”€â”€â”€â”€â”€â”€â”€â”€â”€â”€â”€â”€â”€â”€â”€â”€â”€â”€â”€â”€â”€â”€â”€â”€â”€â”€â”€â”€â”€â”€â”€â”€â”€â”€â”€â”€â”€

    attachment #2: video (video/webm) â”€â”€â”€â”€â”€â”€â”€â”€â”€â”€â”€â”€â”€â”€â”€â”€â”€â”€â”€â”€â”€â”€â”€â”€â”€â”€â”€â”€â”€â”€â”€â”€â”€â”€â”€â”€â”€â”€â”€â”€â”€â”€â”€â”€â”€â”€â”€â”€â”€â”€â”€â”€â”€â”€â”€â”€â”€â”€â”€â”€â”€â”€
    test-results/04-regression-Regression-T-29ecd-ical-output-for-same-inputs-chromium/video.webm
    â”€â”€â”€â”€â”€â”€â”€â”€â”€â”€â”€â”€â”€â”€â”€â”€â”€â”€â”€â”€â”€â”€â”€â”€â”€â”€â”€â”€â”€â”€â”€â”€â”€â”€â”€â”€â”€â”€â”€â”€â”€â”€â”€â”€â”€â”€â”€â”€â”€â”€â”€â”€â”€â”€â”€â”€â”€â”€â”€â”€â”€â”€â”€â”€â”€â”€â”€â”€â”€â”€â”€â”€â”€â”€â”€â”€â”€â”€â”€â”€â”€â”€â”€â”€â”€â”€â”€â”€â”€â”€â”€â”€â”€â”€â”€â”€

    Error Context: test-results/04-regression-Regression-T-29ecd-ical-output-for-same-inputs-chromium/error-context.md

  3) [chromium] â€º tests/04-regression.spec.js:44:3 â€º Regression Tests - Pre/Post Refactor â€º REGRESSION: all output types work 

    TimeoutError: page.waitForSelector: Timeout 15000ms exceeded.
    Call log:
    [2m  - waiting for locator('pre, code, .output-text') to be visible[22m


      60 |         // Generate
      61 |         await page.click(selectors.generateButton);
    > 62 |         await page.waitForSelector(selectors.promptOutput, { timeout: 15000 });
         |                    ^
      63 |         
      64 |         // Verify output
      65 |         const output = await page.textContent(selectors.promptOutput);
        at /Users/thomaswagner/Desktop/Projects.nosync/promptbuilder/intelligent_prompt_builder/tests/04-regression.spec.js:62:20

    attachment #1: screenshot (image/png) â”€â”€â”€â”€â”€â”€â”€â”€â”€â”€â”€â”€â”€â”€â”€â”€â”€â”€â”€â”€â”€â”€â”€â”€â”€â”€â”€â”€â”€â”€â”€â”€â”€â”€â”€â”€â”€â”€â”€â”€â”€â”€â”€â”€â”€â”€â”€â”€â”€â”€â”€â”€â”€â”€â”€â”€â”€â”€
    test-results/04-regression-Regression-T-df9c7-SSION-all-output-types-work-chromium/test-failed-1.png
    â”€â”€â”€â”€â”€â”€â”€â”€â”€â”€â”€â”€â”€â”€â”€â”€â”€â”€â”€â”€â”€â”€â”€â”€â”€â”€â”€â”€â”€â”€â”€â”€â”€â”€â”€â”€â”€â”€â”€â”€â”€â”€â”€â”€â”€â”€â”€â”€â”€â”€â”€â”€â”€â”€â”€â”€â”€â”€â”€â”€â”€â”€â”€â”€â”€â”€â”€â”€â”€â”€â”€â”€â”€â”€â”€â”€â”€â”€â”€â”€â”€â”€â”€â”€â”€â”€â”€â”€â”€â”€â”€â”€â”€â”€â”€â”€

    attachment #2: video (video/webm) â”€â”€â”€â”€â”€â”€â”€â”€â”€â”€â”€â”€â”€â”€â”€â”€â”€â”€â”€â”€â”€â”€â”€â”€â”€â”€â”€â”€â”€â”€â”€â”€â”€â”€â”€â”€â”€â”€â”€â”€â”€â”€â”€â”€â”€â”€â”€â”€â”€â”€â”€â”€â”€â”€â”€â”€â”€â”€â”€â”€â”€â”€
    test-results/04-regression-Regression-T-df9c7-SSION-all-output-types-work-chromium/video.webm
    â”€â”€â”€â”€â”€â”€â”€â”€â”€â”€â”€â”€â”€â”€â”€â”€â”€â”€â”€â”€â”€â”€â”€â”€â”€â”€â”€â”€â”€â”€â”€â”€â”€â”€â”€â”€â”€â”€â”€â”€â”€â”€â”€â”€â”€â”€â”€â”€â”€â”€â”€â”€â”€â”€â”€â”€â”€â”€â”€â”€â”€â”€â”€â”€â”€â”€â”€â”€â”€â”€â”€â”€â”€â”€â”€â”€â”€â”€â”€â”€â”€â”€â”€â”€â”€â”€â”€â”€â”€â”€â”€â”€â”€â”€â”€â”€

    Error Context: test-results/04-regression-Regression-T-df9c7-SSION-all-output-types-work-chromium/error-context.md

  4) [chromium] â€º tests/04-regression.spec.js:126:3 â€º Regression Tests - Pre/Post Refactor â€º REGRESSION: no console errors during normal flow 

    TimeoutError: page.waitForSelector: Timeout 15000ms exceeded.
    Call log:
    [2m  - waiting for locator('pre, code, .output-text') to be visible[22m


      137 |     await page.fill(selectors.promptInput, testPrompts.simple.input);
      138 |     await page.click(selectors.generateButton);
    > 139 |     await page.waitForSelector(selectors.promptOutput, { timeout: 15000 });
          |                ^
      140 |     
      141 |     // Filter out known/acceptable errors (e.g., Firebase warnings)
      142 |     const criticalErrors = consoleErrors.filter(err => 
        at /Users/thomaswagner/Desktop/Projects.nosync/promptbuilder/intelligent_prompt_builder/tests/04-regression.spec.js:139:16

    attachment #1: screenshot (image/png) â”€â”€â”€â”€â”€â”€â”€â”€â”€â”€â”€â”€â”€â”€â”€â”€â”€â”€â”€â”€â”€â”€â”€â”€â”€â”€â”€â”€â”€â”€â”€â”€â”€â”€â”€â”€â”€â”€â”€â”€â”€â”€â”€â”€â”€â”€â”€â”€â”€â”€â”€â”€â”€â”€â”€â”€â”€â”€
    test-results/04-regression-Regression-T-128c6-e-errors-during-normal-flow-chromium/test-failed-1.png
    â”€â”€â”€â”€â”€â”€â”€â”€â”€â”€â”€â”€â”€â”€â”€â”€â”€â”€â”€â”€â”€â”€â”€â”€â”€â”€â”€â”€â”€â”€â”€â”€â”€â”€â”€â”€â”€â”€â”€â”€â”€â”€â”€â”€â”€â”€â”€â”€â”€â”€â”€â”€â”€â”€â”€â”€â”€â”€â”€â”€â”€â”€â”€â”€â”€â”€â”€â”€â”€â”€â”€â”€â”€â”€â”€â”€â”€â”€â”€â”€â”€â”€â”€â”€â”€â”€â”€â”€â”€â”€â”€â”€â”€â”€â”€â”€

    attachment #2: video (video/webm) â”€â”€â”€â”€â”€â”€â”€â”€â”€â”€â”€â”€â”€â”€â”€â”€â”€â”€â”€â”€â”€â”€â”€â”€â”€â”€â”€â”€â”€â”€â”€â”€â”€â”€â”€â”€â”€â”€â”€â”€â”€â”€â”€â”€â”€â”€â”€â”€â”€â”€â”€â”€â”€â”€â”€â”€â”€â”€â”€â”€â”€â”€
    test-results/04-regression-Regression-T-128c6-e-errors-during-normal-flow-chromium/video.webm
    â”€â”€â”€â”€â”€â”€â”€â”€â”€â”€â”€â”€â”€â”€â”€â”€â”€â”€â”€â”€â”€â”€â”€â”€â”€â”€â”€â”€â”€â”€â”€â”€â”€â”€â”€â”€â”€â”€â”€â”€â”€â”€â”€â”€â”€â”€â”€â”€â”€â”€â”€â”€â”€â”€â”€â”€â”€â”€â”€â”€â”€â”€â”€â”€â”€â”€â”€â”€â”€â”€â”€â”€â”€â”€â”€â”€â”€â”€â”€â”€â”€â”€â”€â”€â”€â”€â”€â”€â”€â”€â”€â”€â”€â”€â”€â”€

    Error Context: test-results/04-regression-Regression-T-128c6-e-errors-during-normal-flow-chromium/error-context.md

  5) [chromium] â€º tests/04-regression.spec.js:151:3 â€º Regression Tests - Pre/Post Refactor â€º REGRESSION: API calls complete successfully 

    TimeoutError: page.waitForSelector: Timeout 15000ms exceeded.
    Call log:
    [2m  - waiting for locator('pre, code, .output-text') to be visible[22m


      169 |     await page.fill(selectors.promptInput, testPrompts.simple.input);
      170 |     await page.click(selectors.generateButton);
    > 171 |     await page.waitForSelector(selectors.promptOutput, { timeout: 15000 });
          |                ^
      172 |     
      173 |     // Verify API was called and succeeded
      174 |     expect(apiCallMade).toBeTruthy();
        at /Users/thomaswagner/Desktop/Projects.nosync/promptbuilder/intelligent_prompt_builder/tests/04-regression.spec.js:171:16

    attachment #1: screenshot (image/png) â”€â”€â”€â”€â”€â”€â”€â”€â”€â”€â”€â”€â”€â”€â”€â”€â”€â”€â”€â”€â”€â”€â”€â”€â”€â”€â”€â”€â”€â”€â”€â”€â”€â”€â”€â”€â”€â”€â”€â”€â”€â”€â”€â”€â”€â”€â”€â”€â”€â”€â”€â”€â”€â”€â”€â”€â”€â”€
    test-results/04-regression-Regression-T-05314-calls-complete-successfully-chromium/test-failed-1.png
    â”€â”€â”€â”€â”€â”€â”€â”€â”€â”€â”€â”€â”€â”€â”€â”€â”€â”€â”€â”€â”€â”€â”€â”€â”€â”€â”€â”€â”€â”€â”€â”€â”€â”€â”€â”€â”€â”€â”€â”€â”€â”€â”€â”€â”€â”€â”€â”€â”€â”€â”€â”€â”€â”€â”€â”€â”€â”€â”€â”€â”€â”€â”€â”€â”€â”€â”€â”€â”€â”€â”€â”€â”€â”€â”€â”€â”€â”€â”€â”€â”€â”€â”€â”€â”€â”€â”€â”€â”€â”€â”€â”€â”€â”€â”€â”€

    attachment #2: video (video/webm) â”€â”€â”€â”€â”€â”€â”€â”€â”€â”€â”€â”€â”€â”€â”€â”€â”€â”€â”€â”€â”€â”€â”€â”€â”€â”€â”€â”€â”€â”€â”€â”€â”€â”€â”€â”€â”€â”€â”€â”€â”€â”€â”€â”€â”€â”€â”€â”€â”€â”€â”€â”€â”€â”€â”€â”€â”€â”€â”€â”€â”€â”€
    test-results/04-regression-Regression-T-05314-calls-complete-successfully-chromium/video.webm
    â”€â”€â”€â”€â”€â”€â”€â”€â”€â”€â”€â”€â”€â”€â”€â”€â”€â”€â”€â”€â”€â”€â”€â”€â”€â”€â”€â”€â”€â”€â”€â”€â”€â”€â”€â”€â”€â”€â”€â”€â”€â”€â”€â”€â”€â”€â”€â”€â”€â”€â”€â”€â”€â”€â”€â”€â”€â”€â”€â”€â”€â”€â”€â”€â”€â”€â”€â”€â”€â”€â”€â”€â”€â”€â”€â”€â”€â”€â”€â”€â”€â”€â”€â”€â”€â”€â”€â”€â”€â”€â”€â”€â”€â”€â”€â”€

    Error Context: test-results/04-regression-Regression-T-05314-calls-complete-successfully-chromium/error-context.md

  6) [chromium] â€º tests/04-regression.spec.js:178:3 â€º Regression Tests - Pre/Post Refactor â€º REGRESSION: state persists correctly 

    [31mTest timeout of 30000ms exceeded.[39m

    Error: page.waitForLoadState: Test timeout of 30000ms exceeded.

      190 |     // Reload page
      191 |     await page.reload();
    > 192 |     await page.waitForLoadState('networkidle');
          |                ^
      193 |     
      194 |     // Verify input is cleared (expected behavior)
      195 |     const inputValue = await page.inputValue(selectors.promptInput);
        at /Users/thomaswagner/Desktop/Projects.nosync/promptbuilder/intelligent_prompt_builder/tests/04-regression.spec.js:192:16

    attachment #1: screenshot (image/png) â”€â”€â”€â”€â”€â”€â”€â”€â”€â”€â”€â”€â”€â”€â”€â”€â”€â”€â”€â”€â”€â”€â”€â”€â”€â”€â”€â”€â”€â”€â”€â”€â”€â”€â”€â”€â”€â”€â”€â”€â”€â”€â”€â”€â”€â”€â”€â”€â”€â”€â”€â”€â”€â”€â”€â”€â”€â”€
    test-results/04-regression-Regression-T-787c2-ON-state-persists-correctly-chromium/test-failed-1.png
    â”€â”€â”€â”€â”€â”€â”€â”€â”€â”€â”€â”€â”€â”€â”€â”€â”€â”€â”€â”€â”€â”€â”€â”€â”€â”€â”€â”€â”€â”€â”€â”€â”€â”€â”€â”€â”€â”€â”€â”€â”€â”€â”€â”€â”€â”€â”€â”€â”€â”€â”€â”€â”€â”€â”€â”€â”€â”€â”€â”€â”€â”€â”€â”€â”€â”€â”€â”€â”€â”€â”€â”€â”€â”€â”€â”€â”€â”€â”€â”€â”€â”€â”€â”€â”€â”€â”€â”€â”€â”€â”€â”€â”€â”€â”€â”€

    attachment #2: video (video/webm) â”€â”€â”€â”€â”€â”€â”€â”€â”€â”€â”€â”€â”€â”€â”€â”€â”€â”€â”€â”€â”€â”€â”€â”€â”€â”€â”€â”€â”€â”€â”€â”€â”€â”€â”€â”€â”€â”€â”€â”€â”€â”€â”€â”€â”€â”€â”€â”€â”€â”€â”€â”€â”€â”€â”€â”€â”€â”€â”€â”€â”€â”€
    test-results/04-regression-Regression-T-787c2-ON-state-persists-correctly-chromium/video.webm
    â”€â”€â”€â”€â”€â”€â”€â”€â”€â”€â”€â”€â”€â”€â”€â”€â”€â”€â”€â”€â”€â”€â”€â”€â”€â”€â”€â”€â”€â”€â”€â”€â”€â”€â”€â”€â”€â”€â”€â”€â”€â”€â”€â”€â”€â”€â”€â”€â”€â”€â”€â”€â”€â”€â”€â”€â”€â”€â”€â”€â”€â”€â”€â”€â”€â”€â”€â”€â”€â”€â”€â”€â”€â”€â”€â”€â”€â”€â”€â”€â”€â”€â”€â”€â”€â”€â”€â”€â”€â”€â”€â”€â”€â”€â”€â”€

    Error Context: test-results/04-regression-Regression-T-787c2-ON-state-persists-correctly-chromium/error-context.md

  7) [chromium] â€º tests/04-regression.spec.js:199:3 â€º Regression Tests - Pre/Post Refactor â€º REGRESSION: copy functionality works 

    TimeoutError: page.waitForSelector: Timeout 15000ms exceeded.
    Call log:
    [2m  - waiting for locator('pre, code, .output-text') to be visible[22m


      201 |     await page.fill(selectors.promptInput, testPrompts.simple.input);
      202 |     await page.click(selectors.generateButton);
    > 203 |     await page.waitForSelector(selectors.promptOutput, { timeout: 15000 });
          |                ^
      204 |     
      205 |     // Copy
      206 |     const copyButton = page.locator(selectors.copyButton).first();
        at /Users/thomaswagner/Desktop/Projects.nosync/promptbuilder/intelligent_prompt_builder/tests/04-regression.spec.js:203:16

    attachment #1: screenshot (image/png) â”€â”€â”€â”€â”€â”€â”€â”€â”€â”€â”€â”€â”€â”€â”€â”€â”€â”€â”€â”€â”€â”€â”€â”€â”€â”€â”€â”€â”€â”€â”€â”€â”€â”€â”€â”€â”€â”€â”€â”€â”€â”€â”€â”€â”€â”€â”€â”€â”€â”€â”€â”€â”€â”€â”€â”€â”€â”€
    test-results/04-regression-Regression-T-fb337-ON-copy-functionality-works-chromium/test-failed-1.png
    â”€â”€â”€â”€â”€â”€â”€â”€â”€â”€â”€â”€â”€â”€â”€â”€â”€â”€â”€â”€â”€â”€â”€â”€â”€â”€â”€â”€â”€â”€â”€â”€â”€â”€â”€â”€â”€â”€â”€â”€â”€â”€â”€â”€â”€â”€â”€â”€â”€â”€â”€â”€â”€â”€â”€â”€â”€â”€â”€â”€â”€â”€â”€â”€â”€â”€â”€â”€â”€â”€â”€â”€â”€â”€â”€â”€â”€â”€â”€â”€â”€â”€â”€â”€â”€â”€â”€â”€â”€â”€â”€â”€â”€â”€â”€â”€

    attachment #2: video (video/webm) â”€â”€â”€â”€â”€â”€â”€â”€â”€â”€â”€â”€â”€â”€â”€â”€â”€â”€â”€â”€â”€â”€â”€â”€â”€â”€â”€â”€â”€â”€â”€â”€â”€â”€â”€â”€â”€â”€â”€â”€â”€â”€â”€â”€â”€â”€â”€â”€â”€â”€â”€â”€â”€â”€â”€â”€â”€â”€â”€â”€â”€â”€
    test-results/04-regression-Regression-T-fb337-ON-copy-functionality-works-chromium/video.webm
    â”€â”€â”€â”€â”€â”€â”€â”€â”€â”€â”€â”€â”€â”€â”€â”€â”€â”€â”€â”€â”€â”€â”€â”€â”€â”€â”€â”€â”€â”€â”€â”€â”€â”€â”€â”€â”€â”€â”€â”€â”€â”€â”€â”€â”€â”€â”€â”€â”€â”€â”€â”€â”€â”€â”€â”€â”€â”€â”€â”€â”€â”€â”€â”€â”€â”€â”€â”€â”€â”€â”€â”€â”€â”€â”€â”€â”€â”€â”€â”€â”€â”€â”€â”€â”€â”€â”€â”€â”€â”€â”€â”€â”€â”€â”€â”€

    Error Context: test-results/04-regression-Regression-T-fb337-ON-copy-functionality-works-chromium/error-context.md

  8) [chromium] â€º tests/04-regression.spec.js:216:3 â€º Regression Tests - Pre/Post Refactor â€º REGRESSION: error handling works 

    [31mTest timeout of 30000ms exceeded.[39m

    Error: page.click: Test timeout of 30000ms exceeded.
    Call log:
    [2m  - waiting for locator('button:has-text("Generate Expanded Prompt")')[22m
    [2m    - locator resolved to <button disabled class="w-full py-4 rounded-xl text-white font-bold text-lg shadow-lg flex items-center justify-center gap-3 transition-all transform active:scale-[0.99] bg-slate-300 cursor-not-allowed shadow-none">â€¦</button>[22m
    [2m  - attempting click action[22m
    [2m    2 Ã— waiting for element to be visible, enabled and stable[22m
    [2m      - element is not enabled[22m
    [2m    - retrying click action[22m
    [2m    - waiting 20ms[22m
    [2m    2 Ã— waiting for element to be visible, enabled and stable[22m
    [2m      - element is not enabled[22m
    [2m    - retrying click action[22m
    [2m      - waiting 100ms[22m
    [2m    57 Ã— waiting for element to be visible, enabled and stable[22m
    [2m       - element is not enabled[22m
    [2m     - retrying click action[22m
    [2m       - waiting 500ms[22m


      216 |   test('REGRESSION: error handling works', async ({ page }) => {
      217 |     // Try to generate without input (should handle gracefully)
    > 218 |     await page.click(selectors.generateButton);
          |                ^
      219 |     
      220 |     // Should either disable button or show error
      221 |     const hasError = await page.locator('text=/error|required|empty/i').count() > 0;
        at /Users/thomaswagner/Desktop/Projects.nosync/promptbuilder/intelligent_prompt_builder/tests/04-regression.spec.js:218:16

    attachment #1: screenshot (image/png) â”€â”€â”€â”€â”€â”€â”€â”€â”€â”€â”€â”€â”€â”€â”€â”€â”€â”€â”€â”€â”€â”€â”€â”€â”€â”€â”€â”€â”€â”€â”€â”€â”€â”€â”€â”€â”€â”€â”€â”€â”€â”€â”€â”€â”€â”€â”€â”€â”€â”€â”€â”€â”€â”€â”€â”€â”€â”€
    test-results/04-regression-Regression-T-47719-ESSION-error-handling-works-chromium/test-failed-1.png
    â”€â”€â”€â”€â”€â”€â”€â”€â”€â”€â”€â”€â”€â”€â”€â”€â”€â”€â”€â”€â”€â”€â”€â”€â”€â”€â”€â”€â”€â”€â”€â”€â”€â”€â”€â”€â”€â”€â”€â”€â”€â”€â”€â”€â”€â”€â”€â”€â”€â”€â”€â”€â”€â”€â”€â”€â”€â”€â”€â”€â”€â”€â”€â”€â”€â”€â”€â”€â”€â”€â”€â”€â”€â”€â”€â”€â”€â”€â”€â”€â”€â”€â”€â”€â”€â”€â”€â”€â”€â”€â”€â”€â”€â”€â”€â”€

    attachment #2: video (video/webm) â”€â”€â”€â”€â”€â”€â”€â”€â”€â”€â”€â”€â”€â”€â”€â”€â”€â”€â”€â”€â”€â”€â”€â”€â”€â”€â”€â”€â”€â”€â”€â”€â”€â”€â”€â”€â”€â”€â”€â”€â”€â”€â”€â”€â”€â”€â”€â”€â”€â”€â”€â”€â”€â”€â”€â”€â”€â”€â”€â”€â”€â”€
    test-results/04-regression-Regression-T-47719-ESSION-error-handling-works-chromium/video.webm
    â”€â”€â”€â”€â”€â”€â”€â”€â”€â”€â”€â”€â”€â”€â”€â”€â”€â”€â”€â”€â”€â”€â”€â”€â”€â”€â”€â”€â”€â”€â”€â”€â”€â”€â”€â”€â”€â”€â”€â”€â”€â”€â”€â”€â”€â”€â”€â”€â”€â”€â”€â”€â”€â”€â”€â”€â”€â”€â”€â”€â”€â”€â”€â”€â”€â”€â”€â”€â”€â”€â”€â”€â”€â”€â”€â”€â”€â”€â”€â”€â”€â”€â”€â”€â”€â”€â”€â”€â”€â”€â”€â”€â”€â”€â”€â”€

    Error Context: test-results/04-regression-Regression-T-47719-ESSION-error-handling-works-chromium/error-context.md

  8 failed
    [chromium] â€º tests/03-history-management.spec.js:137:3 â€º History Management â€º should persist history across page reloads 
    [chromium] â€º tests/04-regression.spec.js:18:3 â€º Regression Tests - Pre/Post Refactor â€º REGRESSION: identical output for same inputs 
    [chromium] â€º tests/04-regression.spec.js:44:3 â€º Regression Tests - Pre/Post Refactor â€º REGRESSION: all output types work 
    [chromium] â€º tests/04-regression.spec.js:126:3 â€º Regression Tests - Pre/Post Refactor â€º REGRESSION: no console errors during normal flow 
    [chromium] â€º tests/04-regression.spec.js:151:3 â€º Regression Tests - Pre/Post Refactor â€º REGRESSION: API calls complete successfully 
    [chromium] â€º tests/04-regression.spec.js:178:3 â€º Regression Tests - Pre/Post Refactor â€º REGRESSION: state persists correctly 
    [chromium] â€º tests/04-regression.spec.js:199:3 â€º Regression Tests - Pre/Post Refactor â€º REGRESSION: copy functionality works 
    [chromium] â€º tests/04-regression.spec.js:216:3 â€º Regression Tests - Pre/Post Refactor â€º REGRESSION: error handling works 
  27 passed (1.3m)

[36m  Serving HTML report at http://localhost:9323. Press Ctrl+C to quit.[39m
