
> intelligent-prompt-builder@1.0.0 test
> playwright test


Running 35 tests using 6 workers

  âœ˜   5 [chromium] â€º tests/01-core-prompt-building.spec.js:60:3 â€º Core Prompt Building â€º should change tone and generate different output (31.5s)
  âœ˜   4 [chromium] â€º tests/01-core-prompt-building.spec.js:108:3 â€º Core Prompt Building â€º should show error for empty input (31.6s)
  âœ˜   3 [chromium] â€º tests/01-core-prompt-building.spec.js:23:3 â€º Core Prompt Building â€º should generate a simple prompt (31.6s)
  âœ˜   6 [chromium] â€º tests/01-core-prompt-building.spec.js:17:3 â€º Core Prompt Building â€º should load the application successfully (31.6s)
  âœ˜   1 [chromium] â€º tests/01-core-prompt-building.spec.js:81:3 â€º Core Prompt Building â€º should change style and format (31.7s)
  âœ˜   2 [chromium] â€º tests/01-core-prompt-building.spec.js:41:3 â€º Core Prompt Building â€º should change output type and generate (31.7s)
  âœ˜   9 [chromium] â€º tests/01-core-prompt-building.spec.js:120:3 â€º Core Prompt Building â€º should copy prompt to clipboard (31.9s)
  âœ˜  12 [chromium] â€º tests/02-ui-controls.spec.js:63:3 â€º UI Controls â€º should open and close settings (31.9s)
  âœ˜  10 [chromium] â€º tests/02-ui-controls.spec.js:43:3 â€º UI Controls â€º should expand and collapse sections (32.0s)
  âœ˜   7 [chromium] â€º tests/01-core-prompt-building.spec.js:137:3 â€º Core Prompt Building â€º should handle multiple consecutive generations (32.0s)
  âœ˜   8 [chromium] â€º tests/02-ui-controls.spec.js:17:3 â€º UI Controls â€º should toggle dark mode (32.1s)
  âœ˜  11 [chromium] â€º tests/01-core-prompt-building.spec.js:153:3 â€º Core Prompt Building â€º should show token count estimation (32.0s)
  âœ˜  13 [chromium] â€º tests/02-ui-controls.spec.js:178:3 â€º UI Controls â€º should reset form (31.5s)
  âœ˜  14 [chromium] â€º tests/02-ui-controls.spec.js:140:3 â€º UI Controls â€º should handle responsive layout (31.5s)
  âœ˜  16 [chromium] â€º tests/02-ui-controls.spec.js:103:3 â€º UI Controls â€º should select a quickstart template (31.5s)
  âœ˜  17 [chromium] â€º tests/02-ui-controls.spec.js:124:3 â€º UI Controls â€º should show history panel (31.5s)
  âœ˜  15 [chromium] â€º tests/02-ui-controls.spec.js:87:3 â€º UI Controls â€º should show quickstart templates (31.5s)
  âœ˜  18 [chromium] â€º tests/02-ui-controls.spec.js:161:3 â€º UI Controls â€º should show tooltips on hover (31.6s)
  âœ˜  22 [chromium] â€º tests/02-ui-controls.spec.js:195:3 â€º UI Controls â€º should show loading state during generation (31.5s)
  âœ˜  19 [chromium] â€º tests/03-history-management.spec.js:102:3 â€º History Management â€º should clear all history (31.5s)
  âœ˜  23 [chromium] â€º tests/03-history-management.spec.js:69:3 â€º History Management â€º should delete individual history item (31.5s)
  âœ˜  20 [chromium] â€º tests/03-history-management.spec.js:17:3 â€º History Management â€º should save prompt to history after generation (31.5s)
  âœ˜  21 [chromium] â€º tests/03-history-management.spec.js:39:3 â€º History Management â€º should load prompt from history (31.5s)
  âœ˜  24 [chromium] â€º tests/03-history-management.spec.js:137:3 â€º History Management â€º should persist history across page reloads (31.6s)
  âœ˜  27 [chromium] â€º tests/04-regression.spec.js:44:3 â€º Regression Tests - Pre/Post Refactor â€º REGRESSION: all output types work (31.6s)
  âœ˜  30 [chromium] â€º tests/04-regression.spec.js:100:3 â€º Regression Tests - Pre/Post Refactor â€º REGRESSION: all formats work (31.7s)
  âœ˜  26 [chromium] â€º tests/04-regression.spec.js:18:3 â€º Regression Tests - Pre/Post Refactor â€º REGRESSION: identical output for same inputs (31.7s)
  âœ˜  28 [chromium] â€º tests/03-history-management.spec.js:163:3 â€º History Management â€º should show empty state when no history (31.7s)
  âœ˜  25 [chromium] â€º tests/03-history-management.spec.js:190:3 â€º History Management â€º should show history item metadata (31.8s)
  âœ˜  29 [chromium] â€º tests/04-regression.spec.js:74:3 â€º Regression Tests - Pre/Post Refactor â€º REGRESSION: all tones work (31.8s)
  âœ˜  32 [chromium] â€º tests/04-regression.spec.js:151:3 â€º Regression Tests - Pre/Post Refactor â€º REGRESSION: API calls complete successfully (31.1s)
  âœ˜  33 [chromium] â€º tests/04-regression.spec.js:178:3 â€º Regression Tests - Pre/Post Refactor â€º REGRESSION: state persists correctly (31.1s)
  âœ˜  34 [chromium] â€º tests/04-regression.spec.js:199:3 â€º Regression Tests - Pre/Post Refactor â€º REGRESSION: copy functionality works (31.2s)
  âœ˜  35 [chromium] â€º tests/04-regression.spec.js:216:3 â€º Regression Tests - Pre/Post Refactor â€º REGRESSION: error handling works (31.2s)
  âœ˜  31 [chromium] â€º tests/04-regression.spec.js:126:3 â€º Regression Tests - Pre/Post Refactor â€º REGRESSION: no console errors during normal flow (31.2s)


  1) [chromium] â€º tests/01-core-prompt-building.spec.js:17:3 â€º Core Prompt Building â€º should load the application successfully 

    [31mTest timeout of 30000ms exceeded while running "beforeEach" hook.[39m

      11 | test.describe('Core Prompt Building', () => {
      12 |   
    > 13 |   test.beforeEach(async ({ page }) => {
         |        ^
      14 |     await standardSetup(page);
      15 |   });
      16 |
        at /Users/thomaswagner/Desktop/Projects.nosync/promptbuilder/intelligent_prompt_builder/tests/01-core-prompt-building.spec.js:13:8

    Error: page.waitForLoadState: Test timeout of 30000ms exceeded.

       at fixtures/auth-helper.js:30

      28 |   await setupTestAuth(page);
      29 |   await page.goto('/');
    > 30 |   await page.waitForLoadState('networkidle');
         |              ^
      31 | }
      32 |
        at standardSetup (/Users/thomaswagner/Desktop/Projects.nosync/promptbuilder/intelligent_prompt_builder/tests/fixtures/auth-helper.js:30:14)
        at /Users/thomaswagner/Desktop/Projects.nosync/promptbuilder/intelligent_prompt_builder/tests/01-core-prompt-building.spec.js:14:5

    attachment #1: screenshot (image/png) â”€â”€â”€â”€â”€â”€â”€â”€â”€â”€â”€â”€â”€â”€â”€â”€â”€â”€â”€â”€â”€â”€â”€â”€â”€â”€â”€â”€â”€â”€â”€â”€â”€â”€â”€â”€â”€â”€â”€â”€â”€â”€â”€â”€â”€â”€â”€â”€â”€â”€â”€â”€â”€â”€â”€â”€â”€â”€
    test-results/01-core-prompt-building-Co-98583-he-application-successfully-chromium/test-failed-1.png
    â”€â”€â”€â”€â”€â”€â”€â”€â”€â”€â”€â”€â”€â”€â”€â”€â”€â”€â”€â”€â”€â”€â”€â”€â”€â”€â”€â”€â”€â”€â”€â”€â”€â”€â”€â”€â”€â”€â”€â”€â”€â”€â”€â”€â”€â”€â”€â”€â”€â”€â”€â”€â”€â”€â”€â”€â”€â”€â”€â”€â”€â”€â”€â”€â”€â”€â”€â”€â”€â”€â”€â”€â”€â”€â”€â”€â”€â”€â”€â”€â”€â”€â”€â”€â”€â”€â”€â”€â”€â”€â”€â”€â”€â”€â”€â”€

    attachment #2: video (video/webm) â”€â”€â”€â”€â”€â”€â”€â”€â”€â”€â”€â”€â”€â”€â”€â”€â”€â”€â”€â”€â”€â”€â”€â”€â”€â”€â”€â”€â”€â”€â”€â”€â”€â”€â”€â”€â”€â”€â”€â”€â”€â”€â”€â”€â”€â”€â”€â”€â”€â”€â”€â”€â”€â”€â”€â”€â”€â”€â”€â”€â”€â”€
    test-results/01-core-prompt-building-Co-98583-he-application-successfully-chromium/video.webm
    â”€â”€â”€â”€â”€â”€â”€â”€â”€â”€â”€â”€â”€â”€â”€â”€â”€â”€â”€â”€â”€â”€â”€â”€â”€â”€â”€â”€â”€â”€â”€â”€â”€â”€â”€â”€â”€â”€â”€â”€â”€â”€â”€â”€â”€â”€â”€â”€â”€â”€â”€â”€â”€â”€â”€â”€â”€â”€â”€â”€â”€â”€â”€â”€â”€â”€â”€â”€â”€â”€â”€â”€â”€â”€â”€â”€â”€â”€â”€â”€â”€â”€â”€â”€â”€â”€â”€â”€â”€â”€â”€â”€â”€â”€â”€â”€

    Error Context: test-results/01-core-prompt-building-Co-98583-he-application-successfully-chromium/error-context.md

  2) [chromium] â€º tests/01-core-prompt-building.spec.js:23:3 â€º Core Prompt Building â€º should generate a simple prompt 

    [31mTest timeout of 30000ms exceeded while running "beforeEach" hook.[39m

      11 | test.describe('Core Prompt Building', () => {
      12 |   
    > 13 |   test.beforeEach(async ({ page }) => {
         |        ^
      14 |     await standardSetup(page);
      15 |   });
      16 |
        at /Users/thomaswagner/Desktop/Projects.nosync/promptbuilder/intelligent_prompt_builder/tests/01-core-prompt-building.spec.js:13:8

    Error: page.waitForLoadState: Test timeout of 30000ms exceeded.

       at fixtures/auth-helper.js:30

      28 |   await setupTestAuth(page);
      29 |   await page.goto('/');
    > 30 |   await page.waitForLoadState('networkidle');
         |              ^
      31 | }
      32 |
        at standardSetup (/Users/thomaswagner/Desktop/Projects.nosync/promptbuilder/intelligent_prompt_builder/tests/fixtures/auth-helper.js:30:14)
        at /Users/thomaswagner/Desktop/Projects.nosync/promptbuilder/intelligent_prompt_builder/tests/01-core-prompt-building.spec.js:14:5

    attachment #1: screenshot (image/png) â”€â”€â”€â”€â”€â”€â”€â”€â”€â”€â”€â”€â”€â”€â”€â”€â”€â”€â”€â”€â”€â”€â”€â”€â”€â”€â”€â”€â”€â”€â”€â”€â”€â”€â”€â”€â”€â”€â”€â”€â”€â”€â”€â”€â”€â”€â”€â”€â”€â”€â”€â”€â”€â”€â”€â”€â”€â”€
    test-results/01-core-prompt-building-Co-23e66-ld-generate-a-simple-prompt-chromium/test-failed-1.png
    â”€â”€â”€â”€â”€â”€â”€â”€â”€â”€â”€â”€â”€â”€â”€â”€â”€â”€â”€â”€â”€â”€â”€â”€â”€â”€â”€â”€â”€â”€â”€â”€â”€â”€â”€â”€â”€â”€â”€â”€â”€â”€â”€â”€â”€â”€â”€â”€â”€â”€â”€â”€â”€â”€â”€â”€â”€â”€â”€â”€â”€â”€â”€â”€â”€â”€â”€â”€â”€â”€â”€â”€â”€â”€â”€â”€â”€â”€â”€â”€â”€â”€â”€â”€â”€â”€â”€â”€â”€â”€â”€â”€â”€â”€â”€â”€

    attachment #2: video (video/webm) â”€â”€â”€â”€â”€â”€â”€â”€â”€â”€â”€â”€â”€â”€â”€â”€â”€â”€â”€â”€â”€â”€â”€â”€â”€â”€â”€â”€â”€â”€â”€â”€â”€â”€â”€â”€â”€â”€â”€â”€â”€â”€â”€â”€â”€â”€â”€â”€â”€â”€â”€â”€â”€â”€â”€â”€â”€â”€â”€â”€â”€â”€
    test-results/01-core-prompt-building-Co-23e66-ld-generate-a-simple-prompt-chromium/video.webm
    â”€â”€â”€â”€â”€â”€â”€â”€â”€â”€â”€â”€â”€â”€â”€â”€â”€â”€â”€â”€â”€â”€â”€â”€â”€â”€â”€â”€â”€â”€â”€â”€â”€â”€â”€â”€â”€â”€â”€â”€â”€â”€â”€â”€â”€â”€â”€â”€â”€â”€â”€â”€â”€â”€â”€â”€â”€â”€â”€â”€â”€â”€â”€â”€â”€â”€â”€â”€â”€â”€â”€â”€â”€â”€â”€â”€â”€â”€â”€â”€â”€â”€â”€â”€â”€â”€â”€â”€â”€â”€â”€â”€â”€â”€â”€â”€

    Error Context: test-results/01-core-prompt-building-Co-23e66-ld-generate-a-simple-prompt-chromium/error-context.md

  3) [chromium] â€º tests/01-core-prompt-building.spec.js:41:3 â€º Core Prompt Building â€º should change output type and generate 

    [31mTest timeout of 30000ms exceeded while running "beforeEach" hook.[39m

      11 | test.describe('Core Prompt Building', () => {
      12 |   
    > 13 |   test.beforeEach(async ({ page }) => {
         |        ^
      14 |     await standardSetup(page);
      15 |   });
      16 |
        at /Users/thomaswagner/Desktop/Projects.nosync/promptbuilder/intelligent_prompt_builder/tests/01-core-prompt-building.spec.js:13:8

    Error: page.waitForLoadState: Test timeout of 30000ms exceeded.

       at fixtures/auth-helper.js:30

      28 |   await setupTestAuth(page);
      29 |   await page.goto('/');
    > 30 |   await page.waitForLoadState('networkidle');
         |              ^
      31 | }
      32 |
        at standardSetup (/Users/thomaswagner/Desktop/Projects.nosync/promptbuilder/intelligent_prompt_builder/tests/fixtures/auth-helper.js:30:14)
        at /Users/thomaswagner/Desktop/Projects.nosync/promptbuilder/intelligent_prompt_builder/tests/01-core-prompt-building.spec.js:14:5

    attachment #1: screenshot (image/png) â”€â”€â”€â”€â”€â”€â”€â”€â”€â”€â”€â”€â”€â”€â”€â”€â”€â”€â”€â”€â”€â”€â”€â”€â”€â”€â”€â”€â”€â”€â”€â”€â”€â”€â”€â”€â”€â”€â”€â”€â”€â”€â”€â”€â”€â”€â”€â”€â”€â”€â”€â”€â”€â”€â”€â”€â”€â”€
    test-results/01-core-prompt-building-Co-ad9fa-ge-output-type-and-generate-chromium/test-failed-1.png
    â”€â”€â”€â”€â”€â”€â”€â”€â”€â”€â”€â”€â”€â”€â”€â”€â”€â”€â”€â”€â”€â”€â”€â”€â”€â”€â”€â”€â”€â”€â”€â”€â”€â”€â”€â”€â”€â”€â”€â”€â”€â”€â”€â”€â”€â”€â”€â”€â”€â”€â”€â”€â”€â”€â”€â”€â”€â”€â”€â”€â”€â”€â”€â”€â”€â”€â”€â”€â”€â”€â”€â”€â”€â”€â”€â”€â”€â”€â”€â”€â”€â”€â”€â”€â”€â”€â”€â”€â”€â”€â”€â”€â”€â”€â”€â”€

    attachment #2: video (video/webm) â”€â”€â”€â”€â”€â”€â”€â”€â”€â”€â”€â”€â”€â”€â”€â”€â”€â”€â”€â”€â”€â”€â”€â”€â”€â”€â”€â”€â”€â”€â”€â”€â”€â”€â”€â”€â”€â”€â”€â”€â”€â”€â”€â”€â”€â”€â”€â”€â”€â”€â”€â”€â”€â”€â”€â”€â”€â”€â”€â”€â”€â”€
    test-results/01-core-prompt-building-Co-ad9fa-ge-output-type-and-generate-chromium/video.webm
    â”€â”€â”€â”€â”€â”€â”€â”€â”€â”€â”€â”€â”€â”€â”€â”€â”€â”€â”€â”€â”€â”€â”€â”€â”€â”€â”€â”€â”€â”€â”€â”€â”€â”€â”€â”€â”€â”€â”€â”€â”€â”€â”€â”€â”€â”€â”€â”€â”€â”€â”€â”€â”€â”€â”€â”€â”€â”€â”€â”€â”€â”€â”€â”€â”€â”€â”€â”€â”€â”€â”€â”€â”€â”€â”€â”€â”€â”€â”€â”€â”€â”€â”€â”€â”€â”€â”€â”€â”€â”€â”€â”€â”€â”€â”€â”€

    Error Context: test-results/01-core-prompt-building-Co-ad9fa-ge-output-type-and-generate-chromium/error-context.md

  4) [chromium] â€º tests/01-core-prompt-building.spec.js:60:3 â€º Core Prompt Building â€º should change tone and generate different output 

    [31mTest timeout of 30000ms exceeded while running "beforeEach" hook.[39m

      11 | test.describe('Core Prompt Building', () => {
      12 |   
    > 13 |   test.beforeEach(async ({ page }) => {
         |        ^
      14 |     await standardSetup(page);
      15 |   });
      16 |
        at /Users/thomaswagner/Desktop/Projects.nosync/promptbuilder/intelligent_prompt_builder/tests/01-core-prompt-building.spec.js:13:8

    Error: page.waitForLoadState: Test timeout of 30000ms exceeded.

       at fixtures/auth-helper.js:30

      28 |   await setupTestAuth(page);
      29 |   await page.goto('/');
    > 30 |   await page.waitForLoadState('networkidle');
         |              ^
      31 | }
      32 |
        at standardSetup (/Users/thomaswagner/Desktop/Projects.nosync/promptbuilder/intelligent_prompt_builder/tests/fixtures/auth-helper.js:30:14)
        at /Users/thomaswagner/Desktop/Projects.nosync/promptbuilder/intelligent_prompt_builder/tests/01-core-prompt-building.spec.js:14:5

    attachment #1: screenshot (image/png) â”€â”€â”€â”€â”€â”€â”€â”€â”€â”€â”€â”€â”€â”€â”€â”€â”€â”€â”€â”€â”€â”€â”€â”€â”€â”€â”€â”€â”€â”€â”€â”€â”€â”€â”€â”€â”€â”€â”€â”€â”€â”€â”€â”€â”€â”€â”€â”€â”€â”€â”€â”€â”€â”€â”€â”€â”€â”€
    test-results/01-core-prompt-building-Co-73bb0-d-generate-different-output-chromium/test-failed-1.png
    â”€â”€â”€â”€â”€â”€â”€â”€â”€â”€â”€â”€â”€â”€â”€â”€â”€â”€â”€â”€â”€â”€â”€â”€â”€â”€â”€â”€â”€â”€â”€â”€â”€â”€â”€â”€â”€â”€â”€â”€â”€â”€â”€â”€â”€â”€â”€â”€â”€â”€â”€â”€â”€â”€â”€â”€â”€â”€â”€â”€â”€â”€â”€â”€â”€â”€â”€â”€â”€â”€â”€â”€â”€â”€â”€â”€â”€â”€â”€â”€â”€â”€â”€â”€â”€â”€â”€â”€â”€â”€â”€â”€â”€â”€â”€â”€

    attachment #2: video (video/webm) â”€â”€â”€â”€â”€â”€â”€â”€â”€â”€â”€â”€â”€â”€â”€â”€â”€â”€â”€â”€â”€â”€â”€â”€â”€â”€â”€â”€â”€â”€â”€â”€â”€â”€â”€â”€â”€â”€â”€â”€â”€â”€â”€â”€â”€â”€â”€â”€â”€â”€â”€â”€â”€â”€â”€â”€â”€â”€â”€â”€â”€â”€
    test-results/01-core-prompt-building-Co-73bb0-d-generate-different-output-chromium/video.webm
    â”€â”€â”€â”€â”€â”€â”€â”€â”€â”€â”€â”€â”€â”€â”€â”€â”€â”€â”€â”€â”€â”€â”€â”€â”€â”€â”€â”€â”€â”€â”€â”€â”€â”€â”€â”€â”€â”€â”€â”€â”€â”€â”€â”€â”€â”€â”€â”€â”€â”€â”€â”€â”€â”€â”€â”€â”€â”€â”€â”€â”€â”€â”€â”€â”€â”€â”€â”€â”€â”€â”€â”€â”€â”€â”€â”€â”€â”€â”€â”€â”€â”€â”€â”€â”€â”€â”€â”€â”€â”€â”€â”€â”€â”€â”€â”€

    Error Context: test-results/01-core-prompt-building-Co-73bb0-d-generate-different-output-chromium/error-context.md

  5) [chromium] â€º tests/01-core-prompt-building.spec.js:81:3 â€º Core Prompt Building â€º should change style and format 

    [31mTest timeout of 30000ms exceeded while running "beforeEach" hook.[39m

      11 | test.describe('Core Prompt Building', () => {
      12 |   
    > 13 |   test.beforeEach(async ({ page }) => {
         |        ^
      14 |     await standardSetup(page);
      15 |   });
      16 |
        at /Users/thomaswagner/Desktop/Projects.nosync/promptbuilder/intelligent_prompt_builder/tests/01-core-prompt-building.spec.js:13:8

    Error: page.waitForLoadState: Test timeout of 30000ms exceeded.

       at fixtures/auth-helper.js:30

      28 |   await setupTestAuth(page);
      29 |   await page.goto('/');
    > 30 |   await page.waitForLoadState('networkidle');
         |              ^
      31 | }
      32 |
        at standardSetup (/Users/thomaswagner/Desktop/Projects.nosync/promptbuilder/intelligent_prompt_builder/tests/fixtures/auth-helper.js:30:14)
        at /Users/thomaswagner/Desktop/Projects.nosync/promptbuilder/intelligent_prompt_builder/tests/01-core-prompt-building.spec.js:14:5

    attachment #1: screenshot (image/png) â”€â”€â”€â”€â”€â”€â”€â”€â”€â”€â”€â”€â”€â”€â”€â”€â”€â”€â”€â”€â”€â”€â”€â”€â”€â”€â”€â”€â”€â”€â”€â”€â”€â”€â”€â”€â”€â”€â”€â”€â”€â”€â”€â”€â”€â”€â”€â”€â”€â”€â”€â”€â”€â”€â”€â”€â”€â”€
    test-results/01-core-prompt-building-Co-a2844-uld-change-style-and-format-chromium/test-failed-1.png
    â”€â”€â”€â”€â”€â”€â”€â”€â”€â”€â”€â”€â”€â”€â”€â”€â”€â”€â”€â”€â”€â”€â”€â”€â”€â”€â”€â”€â”€â”€â”€â”€â”€â”€â”€â”€â”€â”€â”€â”€â”€â”€â”€â”€â”€â”€â”€â”€â”€â”€â”€â”€â”€â”€â”€â”€â”€â”€â”€â”€â”€â”€â”€â”€â”€â”€â”€â”€â”€â”€â”€â”€â”€â”€â”€â”€â”€â”€â”€â”€â”€â”€â”€â”€â”€â”€â”€â”€â”€â”€â”€â”€â”€â”€â”€â”€

    attachment #2: video (video/webm) â”€â”€â”€â”€â”€â”€â”€â”€â”€â”€â”€â”€â”€â”€â”€â”€â”€â”€â”€â”€â”€â”€â”€â”€â”€â”€â”€â”€â”€â”€â”€â”€â”€â”€â”€â”€â”€â”€â”€â”€â”€â”€â”€â”€â”€â”€â”€â”€â”€â”€â”€â”€â”€â”€â”€â”€â”€â”€â”€â”€â”€â”€
    test-results/01-core-prompt-building-Co-a2844-uld-change-style-and-format-chromium/video.webm
    â”€â”€â”€â”€â”€â”€â”€â”€â”€â”€â”€â”€â”€â”€â”€â”€â”€â”€â”€â”€â”€â”€â”€â”€â”€â”€â”€â”€â”€â”€â”€â”€â”€â”€â”€â”€â”€â”€â”€â”€â”€â”€â”€â”€â”€â”€â”€â”€â”€â”€â”€â”€â”€â”€â”€â”€â”€â”€â”€â”€â”€â”€â”€â”€â”€â”€â”€â”€â”€â”€â”€â”€â”€â”€â”€â”€â”€â”€â”€â”€â”€â”€â”€â”€â”€â”€â”€â”€â”€â”€â”€â”€â”€â”€â”€â”€

    Error Context: test-results/01-core-prompt-building-Co-a2844-uld-change-style-and-format-chromium/error-context.md

  6) [chromium] â€º tests/01-core-prompt-building.spec.js:108:3 â€º Core Prompt Building â€º should show error for empty input 

    [31mTest timeout of 30000ms exceeded while running "beforeEach" hook.[39m

      11 | test.describe('Core Prompt Building', () => {
      12 |   
    > 13 |   test.beforeEach(async ({ page }) => {
         |        ^
      14 |     await standardSetup(page);
      15 |   });
      16 |
        at /Users/thomaswagner/Desktop/Projects.nosync/promptbuilder/intelligent_prompt_builder/tests/01-core-prompt-building.spec.js:13:8

    Error: page.waitForLoadState: Test timeout of 30000ms exceeded.

       at fixtures/auth-helper.js:30

      28 |   await setupTestAuth(page);
      29 |   await page.goto('/');
    > 30 |   await page.waitForLoadState('networkidle');
         |              ^
      31 | }
      32 |
        at standardSetup (/Users/thomaswagner/Desktop/Projects.nosync/promptbuilder/intelligent_prompt_builder/tests/fixtures/auth-helper.js:30:14)
        at /Users/thomaswagner/Desktop/Projects.nosync/promptbuilder/intelligent_prompt_builder/tests/01-core-prompt-building.spec.js:14:5

    attachment #1: screenshot (image/png) â”€â”€â”€â”€â”€â”€â”€â”€â”€â”€â”€â”€â”€â”€â”€â”€â”€â”€â”€â”€â”€â”€â”€â”€â”€â”€â”€â”€â”€â”€â”€â”€â”€â”€â”€â”€â”€â”€â”€â”€â”€â”€â”€â”€â”€â”€â”€â”€â”€â”€â”€â”€â”€â”€â”€â”€â”€â”€
    test-results/01-core-prompt-building-Co-f25ba--show-error-for-empty-input-chromium/test-failed-1.png
    â”€â”€â”€â”€â”€â”€â”€â”€â”€â”€â”€â”€â”€â”€â”€â”€â”€â”€â”€â”€â”€â”€â”€â”€â”€â”€â”€â”€â”€â”€â”€â”€â”€â”€â”€â”€â”€â”€â”€â”€â”€â”€â”€â”€â”€â”€â”€â”€â”€â”€â”€â”€â”€â”€â”€â”€â”€â”€â”€â”€â”€â”€â”€â”€â”€â”€â”€â”€â”€â”€â”€â”€â”€â”€â”€â”€â”€â”€â”€â”€â”€â”€â”€â”€â”€â”€â”€â”€â”€â”€â”€â”€â”€â”€â”€â”€

    attachment #2: video (video/webm) â”€â”€â”€â”€â”€â”€â”€â”€â”€â”€â”€â”€â”€â”€â”€â”€â”€â”€â”€â”€â”€â”€â”€â”€â”€â”€â”€â”€â”€â”€â”€â”€â”€â”€â”€â”€â”€â”€â”€â”€â”€â”€â”€â”€â”€â”€â”€â”€â”€â”€â”€â”€â”€â”€â”€â”€â”€â”€â”€â”€â”€â”€
    test-results/01-core-prompt-building-Co-f25ba--show-error-for-empty-input-chromium/video.webm
    â”€â”€â”€â”€â”€â”€â”€â”€â”€â”€â”€â”€â”€â”€â”€â”€â”€â”€â”€â”€â”€â”€â”€â”€â”€â”€â”€â”€â”€â”€â”€â”€â”€â”€â”€â”€â”€â”€â”€â”€â”€â”€â”€â”€â”€â”€â”€â”€â”€â”€â”€â”€â”€â”€â”€â”€â”€â”€â”€â”€â”€â”€â”€â”€â”€â”€â”€â”€â”€â”€â”€â”€â”€â”€â”€â”€â”€â”€â”€â”€â”€â”€â”€â”€â”€â”€â”€â”€â”€â”€â”€â”€â”€â”€â”€â”€

    Error Context: test-results/01-core-prompt-building-Co-f25ba--show-error-for-empty-input-chromium/error-context.md

  7) [chromium] â€º tests/01-core-prompt-building.spec.js:120:3 â€º Core Prompt Building â€º should copy prompt to clipboard 

    [31mTest timeout of 30000ms exceeded while running "beforeEach" hook.[39m

      11 | test.describe('Core Prompt Building', () => {
      12 |   
    > 13 |   test.beforeEach(async ({ page }) => {
         |        ^
      14 |     await standardSetup(page);
      15 |   });
      16 |
        at /Users/thomaswagner/Desktop/Projects.nosync/promptbuilder/intelligent_prompt_builder/tests/01-core-prompt-building.spec.js:13:8

    Error: page.waitForLoadState: Test timeout of 30000ms exceeded.

       at fixtures/auth-helper.js:30

      28 |   await setupTestAuth(page);
      29 |   await page.goto('/');
    > 30 |   await page.waitForLoadState('networkidle');
         |              ^
      31 | }
      32 |
        at standardSetup (/Users/thomaswagner/Desktop/Projects.nosync/promptbuilder/intelligent_prompt_builder/tests/fixtures/auth-helper.js:30:14)
        at /Users/thomaswagner/Desktop/Projects.nosync/promptbuilder/intelligent_prompt_builder/tests/01-core-prompt-building.spec.js:14:5

    attachment #1: screenshot (image/png) â”€â”€â”€â”€â”€â”€â”€â”€â”€â”€â”€â”€â”€â”€â”€â”€â”€â”€â”€â”€â”€â”€â”€â”€â”€â”€â”€â”€â”€â”€â”€â”€â”€â”€â”€â”€â”€â”€â”€â”€â”€â”€â”€â”€â”€â”€â”€â”€â”€â”€â”€â”€â”€â”€â”€â”€â”€â”€
    test-results/01-core-prompt-building-Co-55642-ld-copy-prompt-to-clipboard-chromium/test-failed-1.png
    â”€â”€â”€â”€â”€â”€â”€â”€â”€â”€â”€â”€â”€â”€â”€â”€â”€â”€â”€â”€â”€â”€â”€â”€â”€â”€â”€â”€â”€â”€â”€â”€â”€â”€â”€â”€â”€â”€â”€â”€â”€â”€â”€â”€â”€â”€â”€â”€â”€â”€â”€â”€â”€â”€â”€â”€â”€â”€â”€â”€â”€â”€â”€â”€â”€â”€â”€â”€â”€â”€â”€â”€â”€â”€â”€â”€â”€â”€â”€â”€â”€â”€â”€â”€â”€â”€â”€â”€â”€â”€â”€â”€â”€â”€â”€â”€

    attachment #2: video (video/webm) â”€â”€â”€â”€â”€â”€â”€â”€â”€â”€â”€â”€â”€â”€â”€â”€â”€â”€â”€â”€â”€â”€â”€â”€â”€â”€â”€â”€â”€â”€â”€â”€â”€â”€â”€â”€â”€â”€â”€â”€â”€â”€â”€â”€â”€â”€â”€â”€â”€â”€â”€â”€â”€â”€â”€â”€â”€â”€â”€â”€â”€â”€
    test-results/01-core-prompt-building-Co-55642-ld-copy-prompt-to-clipboard-chromium/video.webm
    â”€â”€â”€â”€â”€â”€â”€â”€â”€â”€â”€â”€â”€â”€â”€â”€â”€â”€â”€â”€â”€â”€â”€â”€â”€â”€â”€â”€â”€â”€â”€â”€â”€â”€â”€â”€â”€â”€â”€â”€â”€â”€â”€â”€â”€â”€â”€â”€â”€â”€â”€â”€â”€â”€â”€â”€â”€â”€â”€â”€â”€â”€â”€â”€â”€â”€â”€â”€â”€â”€â”€â”€â”€â”€â”€â”€â”€â”€â”€â”€â”€â”€â”€â”€â”€â”€â”€â”€â”€â”€â”€â”€â”€â”€â”€â”€

    Error Context: test-results/01-core-prompt-building-Co-55642-ld-copy-prompt-to-clipboard-chromium/error-context.md

  8) [chromium] â€º tests/01-core-prompt-building.spec.js:137:3 â€º Core Prompt Building â€º should handle multiple consecutive generations 

    [31mTest timeout of 30000ms exceeded while running "beforeEach" hook.[39m

      11 | test.describe('Core Prompt Building', () => {
      12 |   
    > 13 |   test.beforeEach(async ({ page }) => {
         |        ^
      14 |     await standardSetup(page);
      15 |   });
      16 |
        at /Users/thomaswagner/Desktop/Projects.nosync/promptbuilder/intelligent_prompt_builder/tests/01-core-prompt-building.spec.js:13:8

    Error: page.waitForLoadState: Test timeout of 30000ms exceeded.

       at fixtures/auth-helper.js:30

      28 |   await setupTestAuth(page);
      29 |   await page.goto('/');
    > 30 |   await page.waitForLoadState('networkidle');
         |              ^
      31 | }
      32 |
        at standardSetup (/Users/thomaswagner/Desktop/Projects.nosync/promptbuilder/intelligent_prompt_builder/tests/fixtures/auth-helper.js:30:14)
        at /Users/thomaswagner/Desktop/Projects.nosync/promptbuilder/intelligent_prompt_builder/tests/01-core-prompt-building.spec.js:14:5

    attachment #1: screenshot (image/png) â”€â”€â”€â”€â”€â”€â”€â”€â”€â”€â”€â”€â”€â”€â”€â”€â”€â”€â”€â”€â”€â”€â”€â”€â”€â”€â”€â”€â”€â”€â”€â”€â”€â”€â”€â”€â”€â”€â”€â”€â”€â”€â”€â”€â”€â”€â”€â”€â”€â”€â”€â”€â”€â”€â”€â”€â”€â”€
    test-results/01-core-prompt-building-Co-2e21c-ple-consecutive-generations-chromium/test-failed-1.png
    â”€â”€â”€â”€â”€â”€â”€â”€â”€â”€â”€â”€â”€â”€â”€â”€â”€â”€â”€â”€â”€â”€â”€â”€â”€â”€â”€â”€â”€â”€â”€â”€â”€â”€â”€â”€â”€â”€â”€â”€â”€â”€â”€â”€â”€â”€â”€â”€â”€â”€â”€â”€â”€â”€â”€â”€â”€â”€â”€â”€â”€â”€â”€â”€â”€â”€â”€â”€â”€â”€â”€â”€â”€â”€â”€â”€â”€â”€â”€â”€â”€â”€â”€â”€â”€â”€â”€â”€â”€â”€â”€â”€â”€â”€â”€â”€

    attachment #2: video (video/webm) â”€â”€â”€â”€â”€â”€â”€â”€â”€â”€â”€â”€â”€â”€â”€â”€â”€â”€â”€â”€â”€â”€â”€â”€â”€â”€â”€â”€â”€â”€â”€â”€â”€â”€â”€â”€â”€â”€â”€â”€â”€â”€â”€â”€â”€â”€â”€â”€â”€â”€â”€â”€â”€â”€â”€â”€â”€â”€â”€â”€â”€â”€
    test-results/01-core-prompt-building-Co-2e21c-ple-consecutive-generations-chromium/video.webm
    â”€â”€â”€â”€â”€â”€â”€â”€â”€â”€â”€â”€â”€â”€â”€â”€â”€â”€â”€â”€â”€â”€â”€â”€â”€â”€â”€â”€â”€â”€â”€â”€â”€â”€â”€â”€â”€â”€â”€â”€â”€â”€â”€â”€â”€â”€â”€â”€â”€â”€â”€â”€â”€â”€â”€â”€â”€â”€â”€â”€â”€â”€â”€â”€â”€â”€â”€â”€â”€â”€â”€â”€â”€â”€â”€â”€â”€â”€â”€â”€â”€â”€â”€â”€â”€â”€â”€â”€â”€â”€â”€â”€â”€â”€â”€â”€

    Error Context: test-results/01-core-prompt-building-Co-2e21c-ple-consecutive-generations-chromium/error-context.md

  9) [chromium] â€º tests/01-core-prompt-building.spec.js:153:3 â€º Core Prompt Building â€º should show token count estimation 

    [31mTest timeout of 30000ms exceeded while running "beforeEach" hook.[39m

      11 | test.describe('Core Prompt Building', () => {
      12 |   
    > 13 |   test.beforeEach(async ({ page }) => {
         |        ^
      14 |     await standardSetup(page);
      15 |   });
      16 |
        at /Users/thomaswagner/Desktop/Projects.nosync/promptbuilder/intelligent_prompt_builder/tests/01-core-prompt-building.spec.js:13:8

    Error: page.waitForLoadState: Test timeout of 30000ms exceeded.

       at fixtures/auth-helper.js:30

      28 |   await setupTestAuth(page);
      29 |   await page.goto('/');
    > 30 |   await page.waitForLoadState('networkidle');
         |              ^
      31 | }
      32 |
        at standardSetup (/Users/thomaswagner/Desktop/Projects.nosync/promptbuilder/intelligent_prompt_builder/tests/fixtures/auth-helper.js:30:14)
        at /Users/thomaswagner/Desktop/Projects.nosync/promptbuilder/intelligent_prompt_builder/tests/01-core-prompt-building.spec.js:14:5

    attachment #1: screenshot (image/png) â”€â”€â”€â”€â”€â”€â”€â”€â”€â”€â”€â”€â”€â”€â”€â”€â”€â”€â”€â”€â”€â”€â”€â”€â”€â”€â”€â”€â”€â”€â”€â”€â”€â”€â”€â”€â”€â”€â”€â”€â”€â”€â”€â”€â”€â”€â”€â”€â”€â”€â”€â”€â”€â”€â”€â”€â”€â”€
    test-results/01-core-prompt-building-Co-f5c17-show-token-count-estimation-chromium/test-failed-1.png
    â”€â”€â”€â”€â”€â”€â”€â”€â”€â”€â”€â”€â”€â”€â”€â”€â”€â”€â”€â”€â”€â”€â”€â”€â”€â”€â”€â”€â”€â”€â”€â”€â”€â”€â”€â”€â”€â”€â”€â”€â”€â”€â”€â”€â”€â”€â”€â”€â”€â”€â”€â”€â”€â”€â”€â”€â”€â”€â”€â”€â”€â”€â”€â”€â”€â”€â”€â”€â”€â”€â”€â”€â”€â”€â”€â”€â”€â”€â”€â”€â”€â”€â”€â”€â”€â”€â”€â”€â”€â”€â”€â”€â”€â”€â”€â”€

    attachment #2: video (video/webm) â”€â”€â”€â”€â”€â”€â”€â”€â”€â”€â”€â”€â”€â”€â”€â”€â”€â”€â”€â”€â”€â”€â”€â”€â”€â”€â”€â”€â”€â”€â”€â”€â”€â”€â”€â”€â”€â”€â”€â”€â”€â”€â”€â”€â”€â”€â”€â”€â”€â”€â”€â”€â”€â”€â”€â”€â”€â”€â”€â”€â”€â”€
    test-results/01-core-prompt-building-Co-f5c17-show-token-count-estimation-chromium/video.webm
    â”€â”€â”€â”€â”€â”€â”€â”€â”€â”€â”€â”€â”€â”€â”€â”€â”€â”€â”€â”€â”€â”€â”€â”€â”€â”€â”€â”€â”€â”€â”€â”€â”€â”€â”€â”€â”€â”€â”€â”€â”€â”€â”€â”€â”€â”€â”€â”€â”€â”€â”€â”€â”€â”€â”€â”€â”€â”€â”€â”€â”€â”€â”€â”€â”€â”€â”€â”€â”€â”€â”€â”€â”€â”€â”€â”€â”€â”€â”€â”€â”€â”€â”€â”€â”€â”€â”€â”€â”€â”€â”€â”€â”€â”€â”€â”€

    Error Context: test-results/01-core-prompt-building-Co-f5c17-show-token-count-estimation-chromium/error-context.md

  10) [chromium] â€º tests/02-ui-controls.spec.js:17:3 â€º UI Controls â€º should toggle dark mode â”€â”€â”€â”€â”€â”€â”€

    [31mTest timeout of 30000ms exceeded while running "beforeEach" hook.[39m

      11 | test.describe('UI Controls', () => {
      12 |   
    > 13 |   test.beforeEach(async ({ page }) => {
         |        ^
      14 |     await standardSetup(page);
      15 |   });
      16 |
        at /Users/thomaswagner/Desktop/Projects.nosync/promptbuilder/intelligent_prompt_builder/tests/02-ui-controls.spec.js:13:8

    Error: page.waitForLoadState: Test timeout of 30000ms exceeded.

       at fixtures/auth-helper.js:30

      28 |   await setupTestAuth(page);
      29 |   await page.goto('/');
    > 30 |   await page.waitForLoadState('networkidle');
         |              ^
      31 | }
      32 |
        at standardSetup (/Users/thomaswagner/Desktop/Projects.nosync/promptbuilder/intelligent_prompt_builder/tests/fixtures/auth-helper.js:30:14)
        at /Users/thomaswagner/Desktop/Projects.nosync/promptbuilder/intelligent_prompt_builder/tests/02-ui-controls.spec.js:14:5

    attachment #1: screenshot (image/png) â”€â”€â”€â”€â”€â”€â”€â”€â”€â”€â”€â”€â”€â”€â”€â”€â”€â”€â”€â”€â”€â”€â”€â”€â”€â”€â”€â”€â”€â”€â”€â”€â”€â”€â”€â”€â”€â”€â”€â”€â”€â”€â”€â”€â”€â”€â”€â”€â”€â”€â”€â”€â”€â”€â”€â”€â”€â”€
    test-results/02-ui-controls-UI-Controls-should-toggle-dark-mode-chromium/test-failed-1.png
    â”€â”€â”€â”€â”€â”€â”€â”€â”€â”€â”€â”€â”€â”€â”€â”€â”€â”€â”€â”€â”€â”€â”€â”€â”€â”€â”€â”€â”€â”€â”€â”€â”€â”€â”€â”€â”€â”€â”€â”€â”€â”€â”€â”€â”€â”€â”€â”€â”€â”€â”€â”€â”€â”€â”€â”€â”€â”€â”€â”€â”€â”€â”€â”€â”€â”€â”€â”€â”€â”€â”€â”€â”€â”€â”€â”€â”€â”€â”€â”€â”€â”€â”€â”€â”€â”€â”€â”€â”€â”€â”€â”€â”€â”€â”€â”€

    attachment #2: video (video/webm) â”€â”€â”€â”€â”€â”€â”€â”€â”€â”€â”€â”€â”€â”€â”€â”€â”€â”€â”€â”€â”€â”€â”€â”€â”€â”€â”€â”€â”€â”€â”€â”€â”€â”€â”€â”€â”€â”€â”€â”€â”€â”€â”€â”€â”€â”€â”€â”€â”€â”€â”€â”€â”€â”€â”€â”€â”€â”€â”€â”€â”€â”€
    test-results/02-ui-controls-UI-Controls-should-toggle-dark-mode-chromium/video.webm
    â”€â”€â”€â”€â”€â”€â”€â”€â”€â”€â”€â”€â”€â”€â”€â”€â”€â”€â”€â”€â”€â”€â”€â”€â”€â”€â”€â”€â”€â”€â”€â”€â”€â”€â”€â”€â”€â”€â”€â”€â”€â”€â”€â”€â”€â”€â”€â”€â”€â”€â”€â”€â”€â”€â”€â”€â”€â”€â”€â”€â”€â”€â”€â”€â”€â”€â”€â”€â”€â”€â”€â”€â”€â”€â”€â”€â”€â”€â”€â”€â”€â”€â”€â”€â”€â”€â”€â”€â”€â”€â”€â”€â”€â”€â”€â”€

    Error Context: test-results/02-ui-controls-UI-Controls-should-toggle-dark-mode-chromium/error-context.md

  11) [chromium] â€º tests/02-ui-controls.spec.js:43:3 â€º UI Controls â€º should expand and collapse sections 

    [31mTest timeout of 30000ms exceeded while running "beforeEach" hook.[39m

      11 | test.describe('UI Controls', () => {
      12 |   
    > 13 |   test.beforeEach(async ({ page }) => {
         |        ^
      14 |     await standardSetup(page);
      15 |   });
      16 |
        at /Users/thomaswagner/Desktop/Projects.nosync/promptbuilder/intelligent_prompt_builder/tests/02-ui-controls.spec.js:13:8

    Error: page.waitForLoadState: Test timeout of 30000ms exceeded.

       at fixtures/auth-helper.js:30

      28 |   await setupTestAuth(page);
      29 |   await page.goto('/');
    > 30 |   await page.waitForLoadState('networkidle');
         |              ^
      31 | }
      32 |
        at standardSetup (/Users/thomaswagner/Desktop/Projects.nosync/promptbuilder/intelligent_prompt_builder/tests/fixtures/auth-helper.js:30:14)
        at /Users/thomaswagner/Desktop/Projects.nosync/promptbuilder/intelligent_prompt_builder/tests/02-ui-controls.spec.js:14:5

    attachment #1: screenshot (image/png) â”€â”€â”€â”€â”€â”€â”€â”€â”€â”€â”€â”€â”€â”€â”€â”€â”€â”€â”€â”€â”€â”€â”€â”€â”€â”€â”€â”€â”€â”€â”€â”€â”€â”€â”€â”€â”€â”€â”€â”€â”€â”€â”€â”€â”€â”€â”€â”€â”€â”€â”€â”€â”€â”€â”€â”€â”€â”€
    test-results/02-ui-controls-UI-Controls-d377e-xpand-and-collapse-sections-chromium/test-failed-1.png
    â”€â”€â”€â”€â”€â”€â”€â”€â”€â”€â”€â”€â”€â”€â”€â”€â”€â”€â”€â”€â”€â”€â”€â”€â”€â”€â”€â”€â”€â”€â”€â”€â”€â”€â”€â”€â”€â”€â”€â”€â”€â”€â”€â”€â”€â”€â”€â”€â”€â”€â”€â”€â”€â”€â”€â”€â”€â”€â”€â”€â”€â”€â”€â”€â”€â”€â”€â”€â”€â”€â”€â”€â”€â”€â”€â”€â”€â”€â”€â”€â”€â”€â”€â”€â”€â”€â”€â”€â”€â”€â”€â”€â”€â”€â”€â”€

    attachment #2: video (video/webm) â”€â”€â”€â”€â”€â”€â”€â”€â”€â”€â”€â”€â”€â”€â”€â”€â”€â”€â”€â”€â”€â”€â”€â”€â”€â”€â”€â”€â”€â”€â”€â”€â”€â”€â”€â”€â”€â”€â”€â”€â”€â”€â”€â”€â”€â”€â”€â”€â”€â”€â”€â”€â”€â”€â”€â”€â”€â”€â”€â”€â”€â”€
    test-results/02-ui-controls-UI-Controls-d377e-xpand-and-collapse-sections-chromium/video.webm
    â”€â”€â”€â”€â”€â”€â”€â”€â”€â”€â”€â”€â”€â”€â”€â”€â”€â”€â”€â”€â”€â”€â”€â”€â”€â”€â”€â”€â”€â”€â”€â”€â”€â”€â”€â”€â”€â”€â”€â”€â”€â”€â”€â”€â”€â”€â”€â”€â”€â”€â”€â”€â”€â”€â”€â”€â”€â”€â”€â”€â”€â”€â”€â”€â”€â”€â”€â”€â”€â”€â”€â”€â”€â”€â”€â”€â”€â”€â”€â”€â”€â”€â”€â”€â”€â”€â”€â”€â”€â”€â”€â”€â”€â”€â”€â”€

    Error Context: test-results/02-ui-controls-UI-Controls-d377e-xpand-and-collapse-sections-chromium/error-context.md

  12) [chromium] â€º tests/02-ui-controls.spec.js:63:3 â€º UI Controls â€º should open and close settings 

    [31mTest timeout of 30000ms exceeded while running "beforeEach" hook.[39m

      11 | test.describe('UI Controls', () => {
      12 |   
    > 13 |   test.beforeEach(async ({ page }) => {
         |        ^
      14 |     await standardSetup(page);
      15 |   });
      16 |
        at /Users/thomaswagner/Desktop/Projects.nosync/promptbuilder/intelligent_prompt_builder/tests/02-ui-controls.spec.js:13:8

    Error: page.waitForLoadState: Test timeout of 30000ms exceeded.

       at fixtures/auth-helper.js:30

      28 |   await setupTestAuth(page);
      29 |   await page.goto('/');
    > 30 |   await page.waitForLoadState('networkidle');
         |              ^
      31 | }
      32 |
        at standardSetup (/Users/thomaswagner/Desktop/Projects.nosync/promptbuilder/intelligent_prompt_builder/tests/fixtures/auth-helper.js:30:14)
        at /Users/thomaswagner/Desktop/Projects.nosync/promptbuilder/intelligent_prompt_builder/tests/02-ui-controls.spec.js:14:5

    attachment #1: screenshot (image/png) â”€â”€â”€â”€â”€â”€â”€â”€â”€â”€â”€â”€â”€â”€â”€â”€â”€â”€â”€â”€â”€â”€â”€â”€â”€â”€â”€â”€â”€â”€â”€â”€â”€â”€â”€â”€â”€â”€â”€â”€â”€â”€â”€â”€â”€â”€â”€â”€â”€â”€â”€â”€â”€â”€â”€â”€â”€â”€
    test-results/02-ui-controls-UI-Controls-should-open-and-close-settings-chromium/test-failed-1.png
    â”€â”€â”€â”€â”€â”€â”€â”€â”€â”€â”€â”€â”€â”€â”€â”€â”€â”€â”€â”€â”€â”€â”€â”€â”€â”€â”€â”€â”€â”€â”€â”€â”€â”€â”€â”€â”€â”€â”€â”€â”€â”€â”€â”€â”€â”€â”€â”€â”€â”€â”€â”€â”€â”€â”€â”€â”€â”€â”€â”€â”€â”€â”€â”€â”€â”€â”€â”€â”€â”€â”€â”€â”€â”€â”€â”€â”€â”€â”€â”€â”€â”€â”€â”€â”€â”€â”€â”€â”€â”€â”€â”€â”€â”€â”€â”€

    attachment #2: video (video/webm) â”€â”€â”€â”€â”€â”€â”€â”€â”€â”€â”€â”€â”€â”€â”€â”€â”€â”€â”€â”€â”€â”€â”€â”€â”€â”€â”€â”€â”€â”€â”€â”€â”€â”€â”€â”€â”€â”€â”€â”€â”€â”€â”€â”€â”€â”€â”€â”€â”€â”€â”€â”€â”€â”€â”€â”€â”€â”€â”€â”€â”€â”€
    test-results/02-ui-controls-UI-Controls-should-open-and-close-settings-chromium/video.webm
    â”€â”€â”€â”€â”€â”€â”€â”€â”€â”€â”€â”€â”€â”€â”€â”€â”€â”€â”€â”€â”€â”€â”€â”€â”€â”€â”€â”€â”€â”€â”€â”€â”€â”€â”€â”€â”€â”€â”€â”€â”€â”€â”€â”€â”€â”€â”€â”€â”€â”€â”€â”€â”€â”€â”€â”€â”€â”€â”€â”€â”€â”€â”€â”€â”€â”€â”€â”€â”€â”€â”€â”€â”€â”€â”€â”€â”€â”€â”€â”€â”€â”€â”€â”€â”€â”€â”€â”€â”€â”€â”€â”€â”€â”€â”€â”€

    Error Context: test-results/02-ui-controls-UI-Controls-should-open-and-close-settings-chromium/error-context.md

  13) [chromium] â€º tests/02-ui-controls.spec.js:87:3 â€º UI Controls â€º should show quickstart templates 

    [31mTest timeout of 30000ms exceeded while running "beforeEach" hook.[39m

      11 | test.describe('UI Controls', () => {
      12 |   
    > 13 |   test.beforeEach(async ({ page }) => {
         |        ^
      14 |     await standardSetup(page);
      15 |   });
      16 |
        at /Users/thomaswagner/Desktop/Projects.nosync/promptbuilder/intelligent_prompt_builder/tests/02-ui-controls.spec.js:13:8

    Error: page.waitForLoadState: Test timeout of 30000ms exceeded.

       at fixtures/auth-helper.js:30

      28 |   await setupTestAuth(page);
      29 |   await page.goto('/');
    > 30 |   await page.waitForLoadState('networkidle');
         |              ^
      31 | }
      32 |
        at standardSetup (/Users/thomaswagner/Desktop/Projects.nosync/promptbuilder/intelligent_prompt_builder/tests/fixtures/auth-helper.js:30:14)
        at /Users/thomaswagner/Desktop/Projects.nosync/promptbuilder/intelligent_prompt_builder/tests/02-ui-controls.spec.js:14:5

    attachment #1: screenshot (image/png) â”€â”€â”€â”€â”€â”€â”€â”€â”€â”€â”€â”€â”€â”€â”€â”€â”€â”€â”€â”€â”€â”€â”€â”€â”€â”€â”€â”€â”€â”€â”€â”€â”€â”€â”€â”€â”€â”€â”€â”€â”€â”€â”€â”€â”€â”€â”€â”€â”€â”€â”€â”€â”€â”€â”€â”€â”€â”€
    test-results/02-ui-controls-UI-Controls-should-show-quickstart-templates-chromium/test-failed-1.png
    â”€â”€â”€â”€â”€â”€â”€â”€â”€â”€â”€â”€â”€â”€â”€â”€â”€â”€â”€â”€â”€â”€â”€â”€â”€â”€â”€â”€â”€â”€â”€â”€â”€â”€â”€â”€â”€â”€â”€â”€â”€â”€â”€â”€â”€â”€â”€â”€â”€â”€â”€â”€â”€â”€â”€â”€â”€â”€â”€â”€â”€â”€â”€â”€â”€â”€â”€â”€â”€â”€â”€â”€â”€â”€â”€â”€â”€â”€â”€â”€â”€â”€â”€â”€â”€â”€â”€â”€â”€â”€â”€â”€â”€â”€â”€â”€

    attachment #2: video (video/webm) â”€â”€â”€â”€â”€â”€â”€â”€â”€â”€â”€â”€â”€â”€â”€â”€â”€â”€â”€â”€â”€â”€â”€â”€â”€â”€â”€â”€â”€â”€â”€â”€â”€â”€â”€â”€â”€â”€â”€â”€â”€â”€â”€â”€â”€â”€â”€â”€â”€â”€â”€â”€â”€â”€â”€â”€â”€â”€â”€â”€â”€â”€
    test-results/02-ui-controls-UI-Controls-should-show-quickstart-templates-chromium/video.webm
    â”€â”€â”€â”€â”€â”€â”€â”€â”€â”€â”€â”€â”€â”€â”€â”€â”€â”€â”€â”€â”€â”€â”€â”€â”€â”€â”€â”€â”€â”€â”€â”€â”€â”€â”€â”€â”€â”€â”€â”€â”€â”€â”€â”€â”€â”€â”€â”€â”€â”€â”€â”€â”€â”€â”€â”€â”€â”€â”€â”€â”€â”€â”€â”€â”€â”€â”€â”€â”€â”€â”€â”€â”€â”€â”€â”€â”€â”€â”€â”€â”€â”€â”€â”€â”€â”€â”€â”€â”€â”€â”€â”€â”€â”€â”€â”€

    Error Context: test-results/02-ui-controls-UI-Controls-should-show-quickstart-templates-chromium/error-context.md

  14) [chromium] â€º tests/02-ui-controls.spec.js:103:3 â€º UI Controls â€º should select a quickstart template 

    [31mTest timeout of 30000ms exceeded while running "beforeEach" hook.[39m

      11 | test.describe('UI Controls', () => {
      12 |   
    > 13 |   test.beforeEach(async ({ page }) => {
         |        ^
      14 |     await standardSetup(page);
      15 |   });
      16 |
        at /Users/thomaswagner/Desktop/Projects.nosync/promptbuilder/intelligent_prompt_builder/tests/02-ui-controls.spec.js:13:8

    Error: page.waitForLoadState: Test timeout of 30000ms exceeded.

       at fixtures/auth-helper.js:30

      28 |   await setupTestAuth(page);
      29 |   await page.goto('/');
    > 30 |   await page.waitForLoadState('networkidle');
         |              ^
      31 | }
      32 |
        at standardSetup (/Users/thomaswagner/Desktop/Projects.nosync/promptbuilder/intelligent_prompt_builder/tests/fixtures/auth-helper.js:30:14)
        at /Users/thomaswagner/Desktop/Projects.nosync/promptbuilder/intelligent_prompt_builder/tests/02-ui-controls.spec.js:14:5

    attachment #1: screenshot (image/png) â”€â”€â”€â”€â”€â”€â”€â”€â”€â”€â”€â”€â”€â”€â”€â”€â”€â”€â”€â”€â”€â”€â”€â”€â”€â”€â”€â”€â”€â”€â”€â”€â”€â”€â”€â”€â”€â”€â”€â”€â”€â”€â”€â”€â”€â”€â”€â”€â”€â”€â”€â”€â”€â”€â”€â”€â”€â”€
    test-results/02-ui-controls-UI-Controls-ba208-elect-a-quickstart-template-chromium/test-failed-1.png
    â”€â”€â”€â”€â”€â”€â”€â”€â”€â”€â”€â”€â”€â”€â”€â”€â”€â”€â”€â”€â”€â”€â”€â”€â”€â”€â”€â”€â”€â”€â”€â”€â”€â”€â”€â”€â”€â”€â”€â”€â”€â”€â”€â”€â”€â”€â”€â”€â”€â”€â”€â”€â”€â”€â”€â”€â”€â”€â”€â”€â”€â”€â”€â”€â”€â”€â”€â”€â”€â”€â”€â”€â”€â”€â”€â”€â”€â”€â”€â”€â”€â”€â”€â”€â”€â”€â”€â”€â”€â”€â”€â”€â”€â”€â”€â”€

    attachment #2: video (video/webm) â”€â”€â”€â”€â”€â”€â”€â”€â”€â”€â”€â”€â”€â”€â”€â”€â”€â”€â”€â”€â”€â”€â”€â”€â”€â”€â”€â”€â”€â”€â”€â”€â”€â”€â”€â”€â”€â”€â”€â”€â”€â”€â”€â”€â”€â”€â”€â”€â”€â”€â”€â”€â”€â”€â”€â”€â”€â”€â”€â”€â”€â”€
    test-results/02-ui-controls-UI-Controls-ba208-elect-a-quickstart-template-chromium/video.webm
    â”€â”€â”€â”€â”€â”€â”€â”€â”€â”€â”€â”€â”€â”€â”€â”€â”€â”€â”€â”€â”€â”€â”€â”€â”€â”€â”€â”€â”€â”€â”€â”€â”€â”€â”€â”€â”€â”€â”€â”€â”€â”€â”€â”€â”€â”€â”€â”€â”€â”€â”€â”€â”€â”€â”€â”€â”€â”€â”€â”€â”€â”€â”€â”€â”€â”€â”€â”€â”€â”€â”€â”€â”€â”€â”€â”€â”€â”€â”€â”€â”€â”€â”€â”€â”€â”€â”€â”€â”€â”€â”€â”€â”€â”€â”€â”€

    Error Context: test-results/02-ui-controls-UI-Controls-ba208-elect-a-quickstart-template-chromium/error-context.md

  15) [chromium] â€º tests/02-ui-controls.spec.js:124:3 â€º UI Controls â€º should show history panel â”€â”€â”€â”€

    [31mTest timeout of 30000ms exceeded while running "beforeEach" hook.[39m

      11 | test.describe('UI Controls', () => {
      12 |   
    > 13 |   test.beforeEach(async ({ page }) => {
         |        ^
      14 |     await standardSetup(page);
      15 |   });
      16 |
        at /Users/thomaswagner/Desktop/Projects.nosync/promptbuilder/intelligent_prompt_builder/tests/02-ui-controls.spec.js:13:8

    Error: page.waitForLoadState: Test timeout of 30000ms exceeded.

       at fixtures/auth-helper.js:30

      28 |   await setupTestAuth(page);
      29 |   await page.goto('/');
    > 30 |   await page.waitForLoadState('networkidle');
         |              ^
      31 | }
      32 |
        at standardSetup (/Users/thomaswagner/Desktop/Projects.nosync/promptbuilder/intelligent_prompt_builder/tests/fixtures/auth-helper.js:30:14)
        at /Users/thomaswagner/Desktop/Projects.nosync/promptbuilder/intelligent_prompt_builder/tests/02-ui-controls.spec.js:14:5

    attachment #1: screenshot (image/png) â”€â”€â”€â”€â”€â”€â”€â”€â”€â”€â”€â”€â”€â”€â”€â”€â”€â”€â”€â”€â”€â”€â”€â”€â”€â”€â”€â”€â”€â”€â”€â”€â”€â”€â”€â”€â”€â”€â”€â”€â”€â”€â”€â”€â”€â”€â”€â”€â”€â”€â”€â”€â”€â”€â”€â”€â”€â”€
    test-results/02-ui-controls-UI-Controls-should-show-history-panel-chromium/test-failed-1.png
    â”€â”€â”€â”€â”€â”€â”€â”€â”€â”€â”€â”€â”€â”€â”€â”€â”€â”€â”€â”€â”€â”€â”€â”€â”€â”€â”€â”€â”€â”€â”€â”€â”€â”€â”€â”€â”€â”€â”€â”€â”€â”€â”€â”€â”€â”€â”€â”€â”€â”€â”€â”€â”€â”€â”€â”€â”€â”€â”€â”€â”€â”€â”€â”€â”€â”€â”€â”€â”€â”€â”€â”€â”€â”€â”€â”€â”€â”€â”€â”€â”€â”€â”€â”€â”€â”€â”€â”€â”€â”€â”€â”€â”€â”€â”€â”€

    attachment #2: video (video/webm) â”€â”€â”€â”€â”€â”€â”€â”€â”€â”€â”€â”€â”€â”€â”€â”€â”€â”€â”€â”€â”€â”€â”€â”€â”€â”€â”€â”€â”€â”€â”€â”€â”€â”€â”€â”€â”€â”€â”€â”€â”€â”€â”€â”€â”€â”€â”€â”€â”€â”€â”€â”€â”€â”€â”€â”€â”€â”€â”€â”€â”€â”€
    test-results/02-ui-controls-UI-Controls-should-show-history-panel-chromium/video.webm
    â”€â”€â”€â”€â”€â”€â”€â”€â”€â”€â”€â”€â”€â”€â”€â”€â”€â”€â”€â”€â”€â”€â”€â”€â”€â”€â”€â”€â”€â”€â”€â”€â”€â”€â”€â”€â”€â”€â”€â”€â”€â”€â”€â”€â”€â”€â”€â”€â”€â”€â”€â”€â”€â”€â”€â”€â”€â”€â”€â”€â”€â”€â”€â”€â”€â”€â”€â”€â”€â”€â”€â”€â”€â”€â”€â”€â”€â”€â”€â”€â”€â”€â”€â”€â”€â”€â”€â”€â”€â”€â”€â”€â”€â”€â”€â”€

    Error Context: test-results/02-ui-controls-UI-Controls-should-show-history-panel-chromium/error-context.md

  16) [chromium] â€º tests/02-ui-controls.spec.js:140:3 â€º UI Controls â€º should handle responsive layout 

    [31mTest timeout of 30000ms exceeded while running "beforeEach" hook.[39m

      11 | test.describe('UI Controls', () => {
      12 |   
    > 13 |   test.beforeEach(async ({ page }) => {
         |        ^
      14 |     await standardSetup(page);
      15 |   });
      16 |
        at /Users/thomaswagner/Desktop/Projects.nosync/promptbuilder/intelligent_prompt_builder/tests/02-ui-controls.spec.js:13:8

    Error: page.waitForLoadState: Test timeout of 30000ms exceeded.

       at fixtures/auth-helper.js:30

      28 |   await setupTestAuth(page);
      29 |   await page.goto('/');
    > 30 |   await page.waitForLoadState('networkidle');
         |              ^
      31 | }
      32 |
        at standardSetup (/Users/thomaswagner/Desktop/Projects.nosync/promptbuilder/intelligent_prompt_builder/tests/fixtures/auth-helper.js:30:14)
        at /Users/thomaswagner/Desktop/Projects.nosync/promptbuilder/intelligent_prompt_builder/tests/02-ui-controls.spec.js:14:5

    attachment #1: screenshot (image/png) â”€â”€â”€â”€â”€â”€â”€â”€â”€â”€â”€â”€â”€â”€â”€â”€â”€â”€â”€â”€â”€â”€â”€â”€â”€â”€â”€â”€â”€â”€â”€â”€â”€â”€â”€â”€â”€â”€â”€â”€â”€â”€â”€â”€â”€â”€â”€â”€â”€â”€â”€â”€â”€â”€â”€â”€â”€â”€
    test-results/02-ui-controls-UI-Controls-should-handle-responsive-layout-chromium/test-failed-1.png
    â”€â”€â”€â”€â”€â”€â”€â”€â”€â”€â”€â”€â”€â”€â”€â”€â”€â”€â”€â”€â”€â”€â”€â”€â”€â”€â”€â”€â”€â”€â”€â”€â”€â”€â”€â”€â”€â”€â”€â”€â”€â”€â”€â”€â”€â”€â”€â”€â”€â”€â”€â”€â”€â”€â”€â”€â”€â”€â”€â”€â”€â”€â”€â”€â”€â”€â”€â”€â”€â”€â”€â”€â”€â”€â”€â”€â”€â”€â”€â”€â”€â”€â”€â”€â”€â”€â”€â”€â”€â”€â”€â”€â”€â”€â”€â”€

    attachment #2: video (video/webm) â”€â”€â”€â”€â”€â”€â”€â”€â”€â”€â”€â”€â”€â”€â”€â”€â”€â”€â”€â”€â”€â”€â”€â”€â”€â”€â”€â”€â”€â”€â”€â”€â”€â”€â”€â”€â”€â”€â”€â”€â”€â”€â”€â”€â”€â”€â”€â”€â”€â”€â”€â”€â”€â”€â”€â”€â”€â”€â”€â”€â”€â”€
    test-results/02-ui-controls-UI-Controls-should-handle-responsive-layout-chromium/video.webm
    â”€â”€â”€â”€â”€â”€â”€â”€â”€â”€â”€â”€â”€â”€â”€â”€â”€â”€â”€â”€â”€â”€â”€â”€â”€â”€â”€â”€â”€â”€â”€â”€â”€â”€â”€â”€â”€â”€â”€â”€â”€â”€â”€â”€â”€â”€â”€â”€â”€â”€â”€â”€â”€â”€â”€â”€â”€â”€â”€â”€â”€â”€â”€â”€â”€â”€â”€â”€â”€â”€â”€â”€â”€â”€â”€â”€â”€â”€â”€â”€â”€â”€â”€â”€â”€â”€â”€â”€â”€â”€â”€â”€â”€â”€â”€â”€

    Error Context: test-results/02-ui-controls-UI-Controls-should-handle-responsive-layout-chromium/error-context.md

  17) [chromium] â€º tests/02-ui-controls.spec.js:161:3 â€º UI Controls â€º should show tooltips on hover 

    [31mTest timeout of 30000ms exceeded while running "beforeEach" hook.[39m

      11 | test.describe('UI Controls', () => {
      12 |   
    > 13 |   test.beforeEach(async ({ page }) => {
         |        ^
      14 |     await standardSetup(page);
      15 |   });
      16 |
        at /Users/thomaswagner/Desktop/Projects.nosync/promptbuilder/intelligent_prompt_builder/tests/02-ui-controls.spec.js:13:8

    Error: page.waitForLoadState: Test timeout of 30000ms exceeded.

       at fixtures/auth-helper.js:30

      28 |   await setupTestAuth(page);
      29 |   await page.goto('/');
    > 30 |   await page.waitForLoadState('networkidle');
         |              ^
      31 | }
      32 |
        at standardSetup (/Users/thomaswagner/Desktop/Projects.nosync/promptbuilder/intelligent_prompt_builder/tests/fixtures/auth-helper.js:30:14)
        at /Users/thomaswagner/Desktop/Projects.nosync/promptbuilder/intelligent_prompt_builder/tests/02-ui-controls.spec.js:14:5

    attachment #1: screenshot (image/png) â”€â”€â”€â”€â”€â”€â”€â”€â”€â”€â”€â”€â”€â”€â”€â”€â”€â”€â”€â”€â”€â”€â”€â”€â”€â”€â”€â”€â”€â”€â”€â”€â”€â”€â”€â”€â”€â”€â”€â”€â”€â”€â”€â”€â”€â”€â”€â”€â”€â”€â”€â”€â”€â”€â”€â”€â”€â”€
    test-results/02-ui-controls-UI-Controls-should-show-tooltips-on-hover-chromium/test-failed-1.png
    â”€â”€â”€â”€â”€â”€â”€â”€â”€â”€â”€â”€â”€â”€â”€â”€â”€â”€â”€â”€â”€â”€â”€â”€â”€â”€â”€â”€â”€â”€â”€â”€â”€â”€â”€â”€â”€â”€â”€â”€â”€â”€â”€â”€â”€â”€â”€â”€â”€â”€â”€â”€â”€â”€â”€â”€â”€â”€â”€â”€â”€â”€â”€â”€â”€â”€â”€â”€â”€â”€â”€â”€â”€â”€â”€â”€â”€â”€â”€â”€â”€â”€â”€â”€â”€â”€â”€â”€â”€â”€â”€â”€â”€â”€â”€â”€

    attachment #2: video (video/webm) â”€â”€â”€â”€â”€â”€â”€â”€â”€â”€â”€â”€â”€â”€â”€â”€â”€â”€â”€â”€â”€â”€â”€â”€â”€â”€â”€â”€â”€â”€â”€â”€â”€â”€â”€â”€â”€â”€â”€â”€â”€â”€â”€â”€â”€â”€â”€â”€â”€â”€â”€â”€â”€â”€â”€â”€â”€â”€â”€â”€â”€â”€
    test-results/02-ui-controls-UI-Controls-should-show-tooltips-on-hover-chromium/video.webm
    â”€â”€â”€â”€â”€â”€â”€â”€â”€â”€â”€â”€â”€â”€â”€â”€â”€â”€â”€â”€â”€â”€â”€â”€â”€â”€â”€â”€â”€â”€â”€â”€â”€â”€â”€â”€â”€â”€â”€â”€â”€â”€â”€â”€â”€â”€â”€â”€â”€â”€â”€â”€â”€â”€â”€â”€â”€â”€â”€â”€â”€â”€â”€â”€â”€â”€â”€â”€â”€â”€â”€â”€â”€â”€â”€â”€â”€â”€â”€â”€â”€â”€â”€â”€â”€â”€â”€â”€â”€â”€â”€â”€â”€â”€â”€â”€

    Error Context: test-results/02-ui-controls-UI-Controls-should-show-tooltips-on-hover-chromium/error-context.md

  18) [chromium] â€º tests/02-ui-controls.spec.js:178:3 â€º UI Controls â€º should reset form â”€â”€â”€â”€â”€â”€â”€â”€â”€â”€â”€â”€

    [31mTest timeout of 30000ms exceeded while running "beforeEach" hook.[39m

      11 | test.describe('UI Controls', () => {
      12 |   
    > 13 |   test.beforeEach(async ({ page }) => {
         |        ^
      14 |     await standardSetup(page);
      15 |   });
      16 |
        at /Users/thomaswagner/Desktop/Projects.nosync/promptbuilder/intelligent_prompt_builder/tests/02-ui-controls.spec.js:13:8

    Error: page.waitForLoadState: Test timeout of 30000ms exceeded.

       at fixtures/auth-helper.js:30

      28 |   await setupTestAuth(page);
      29 |   await page.goto('/');
    > 30 |   await page.waitForLoadState('networkidle');
         |              ^
      31 | }
      32 |
        at standardSetup (/Users/thomaswagner/Desktop/Projects.nosync/promptbuilder/intelligent_prompt_builder/tests/fixtures/auth-helper.js:30:14)
        at /Users/thomaswagner/Desktop/Projects.nosync/promptbuilder/intelligent_prompt_builder/tests/02-ui-controls.spec.js:14:5

    attachment #1: screenshot (image/png) â”€â”€â”€â”€â”€â”€â”€â”€â”€â”€â”€â”€â”€â”€â”€â”€â”€â”€â”€â”€â”€â”€â”€â”€â”€â”€â”€â”€â”€â”€â”€â”€â”€â”€â”€â”€â”€â”€â”€â”€â”€â”€â”€â”€â”€â”€â”€â”€â”€â”€â”€â”€â”€â”€â”€â”€â”€â”€
    test-results/02-ui-controls-UI-Controls-should-reset-form-chromium/test-failed-1.png
    â”€â”€â”€â”€â”€â”€â”€â”€â”€â”€â”€â”€â”€â”€â”€â”€â”€â”€â”€â”€â”€â”€â”€â”€â”€â”€â”€â”€â”€â”€â”€â”€â”€â”€â”€â”€â”€â”€â”€â”€â”€â”€â”€â”€â”€â”€â”€â”€â”€â”€â”€â”€â”€â”€â”€â”€â”€â”€â”€â”€â”€â”€â”€â”€â”€â”€â”€â”€â”€â”€â”€â”€â”€â”€â”€â”€â”€â”€â”€â”€â”€â”€â”€â”€â”€â”€â”€â”€â”€â”€â”€â”€â”€â”€â”€â”€

    attachment #2: video (video/webm) â”€â”€â”€â”€â”€â”€â”€â”€â”€â”€â”€â”€â”€â”€â”€â”€â”€â”€â”€â”€â”€â”€â”€â”€â”€â”€â”€â”€â”€â”€â”€â”€â”€â”€â”€â”€â”€â”€â”€â”€â”€â”€â”€â”€â”€â”€â”€â”€â”€â”€â”€â”€â”€â”€â”€â”€â”€â”€â”€â”€â”€â”€
    test-results/02-ui-controls-UI-Controls-should-reset-form-chromium/video.webm
    â”€â”€â”€â”€â”€â”€â”€â”€â”€â”€â”€â”€â”€â”€â”€â”€â”€â”€â”€â”€â”€â”€â”€â”€â”€â”€â”€â”€â”€â”€â”€â”€â”€â”€â”€â”€â”€â”€â”€â”€â”€â”€â”€â”€â”€â”€â”€â”€â”€â”€â”€â”€â”€â”€â”€â”€â”€â”€â”€â”€â”€â”€â”€â”€â”€â”€â”€â”€â”€â”€â”€â”€â”€â”€â”€â”€â”€â”€â”€â”€â”€â”€â”€â”€â”€â”€â”€â”€â”€â”€â”€â”€â”€â”€â”€â”€

    Error Context: test-results/02-ui-controls-UI-Controls-should-reset-form-chromium/error-context.md

  19) [chromium] â€º tests/02-ui-controls.spec.js:195:3 â€º UI Controls â€º should show loading state during generation 

    [31mTest timeout of 30000ms exceeded while running "beforeEach" hook.[39m

      11 | test.describe('UI Controls', () => {
      12 |   
    > 13 |   test.beforeEach(async ({ page }) => {
         |        ^
      14 |     await standardSetup(page);
      15 |   });
      16 |
        at /Users/thomaswagner/Desktop/Projects.nosync/promptbuilder/intelligent_prompt_builder/tests/02-ui-controls.spec.js:13:8

    Error: page.waitForLoadState: Test timeout of 30000ms exceeded.

       at fixtures/auth-helper.js:30

      28 |   await setupTestAuth(page);
      29 |   await page.goto('/');
    > 30 |   await page.waitForLoadState('networkidle');
         |              ^
      31 | }
      32 |
        at standardSetup (/Users/thomaswagner/Desktop/Projects.nosync/promptbuilder/intelligent_prompt_builder/tests/fixtures/auth-helper.js:30:14)
        at /Users/thomaswagner/Desktop/Projects.nosync/promptbuilder/intelligent_prompt_builder/tests/02-ui-controls.spec.js:14:5

    attachment #1: screenshot (image/png) â”€â”€â”€â”€â”€â”€â”€â”€â”€â”€â”€â”€â”€â”€â”€â”€â”€â”€â”€â”€â”€â”€â”€â”€â”€â”€â”€â”€â”€â”€â”€â”€â”€â”€â”€â”€â”€â”€â”€â”€â”€â”€â”€â”€â”€â”€â”€â”€â”€â”€â”€â”€â”€â”€â”€â”€â”€â”€
    test-results/02-ui-controls-UI-Controls-53460-ing-state-during-generation-chromium/test-failed-1.png
    â”€â”€â”€â”€â”€â”€â”€â”€â”€â”€â”€â”€â”€â”€â”€â”€â”€â”€â”€â”€â”€â”€â”€â”€â”€â”€â”€â”€â”€â”€â”€â”€â”€â”€â”€â”€â”€â”€â”€â”€â”€â”€â”€â”€â”€â”€â”€â”€â”€â”€â”€â”€â”€â”€â”€â”€â”€â”€â”€â”€â”€â”€â”€â”€â”€â”€â”€â”€â”€â”€â”€â”€â”€â”€â”€â”€â”€â”€â”€â”€â”€â”€â”€â”€â”€â”€â”€â”€â”€â”€â”€â”€â”€â”€â”€â”€

    attachment #2: video (video/webm) â”€â”€â”€â”€â”€â”€â”€â”€â”€â”€â”€â”€â”€â”€â”€â”€â”€â”€â”€â”€â”€â”€â”€â”€â”€â”€â”€â”€â”€â”€â”€â”€â”€â”€â”€â”€â”€â”€â”€â”€â”€â”€â”€â”€â”€â”€â”€â”€â”€â”€â”€â”€â”€â”€â”€â”€â”€â”€â”€â”€â”€â”€
    test-results/02-ui-controls-UI-Controls-53460-ing-state-during-generation-chromium/video.webm
    â”€â”€â”€â”€â”€â”€â”€â”€â”€â”€â”€â”€â”€â”€â”€â”€â”€â”€â”€â”€â”€â”€â”€â”€â”€â”€â”€â”€â”€â”€â”€â”€â”€â”€â”€â”€â”€â”€â”€â”€â”€â”€â”€â”€â”€â”€â”€â”€â”€â”€â”€â”€â”€â”€â”€â”€â”€â”€â”€â”€â”€â”€â”€â”€â”€â”€â”€â”€â”€â”€â”€â”€â”€â”€â”€â”€â”€â”€â”€â”€â”€â”€â”€â”€â”€â”€â”€â”€â”€â”€â”€â”€â”€â”€â”€â”€

    Error Context: test-results/02-ui-controls-UI-Controls-53460-ing-state-during-generation-chromium/error-context.md

  20) [chromium] â€º tests/03-history-management.spec.js:17:3 â€º History Management â€º should save prompt to history after generation 

    [31mTest timeout of 30000ms exceeded while running "beforeEach" hook.[39m

      11 | test.describe('History Management', () => {
      12 |   
    > 13 |   test.beforeEach(async ({ page }) => {
         |        ^
      14 |     await standardSetup(page);
      15 |   });
      16 |
        at /Users/thomaswagner/Desktop/Projects.nosync/promptbuilder/intelligent_prompt_builder/tests/03-history-management.spec.js:13:8

    Error: page.waitForLoadState: Test timeout of 30000ms exceeded.

       at fixtures/auth-helper.js:30

      28 |   await setupTestAuth(page);
      29 |   await page.goto('/');
    > 30 |   await page.waitForLoadState('networkidle');
         |              ^
      31 | }
      32 |
        at standardSetup (/Users/thomaswagner/Desktop/Projects.nosync/promptbuilder/intelligent_prompt_builder/tests/fixtures/auth-helper.js:30:14)
        at /Users/thomaswagner/Desktop/Projects.nosync/promptbuilder/intelligent_prompt_builder/tests/03-history-management.spec.js:14:5

    attachment #1: screenshot (image/png) â”€â”€â”€â”€â”€â”€â”€â”€â”€â”€â”€â”€â”€â”€â”€â”€â”€â”€â”€â”€â”€â”€â”€â”€â”€â”€â”€â”€â”€â”€â”€â”€â”€â”€â”€â”€â”€â”€â”€â”€â”€â”€â”€â”€â”€â”€â”€â”€â”€â”€â”€â”€â”€â”€â”€â”€â”€â”€
    test-results/03-history-management-Hist-af691-to-history-after-generation-chromium/test-failed-1.png
    â”€â”€â”€â”€â”€â”€â”€â”€â”€â”€â”€â”€â”€â”€â”€â”€â”€â”€â”€â”€â”€â”€â”€â”€â”€â”€â”€â”€â”€â”€â”€â”€â”€â”€â”€â”€â”€â”€â”€â”€â”€â”€â”€â”€â”€â”€â”€â”€â”€â”€â”€â”€â”€â”€â”€â”€â”€â”€â”€â”€â”€â”€â”€â”€â”€â”€â”€â”€â”€â”€â”€â”€â”€â”€â”€â”€â”€â”€â”€â”€â”€â”€â”€â”€â”€â”€â”€â”€â”€â”€â”€â”€â”€â”€â”€â”€

    attachment #2: video (video/webm) â”€â”€â”€â”€â”€â”€â”€â”€â”€â”€â”€â”€â”€â”€â”€â”€â”€â”€â”€â”€â”€â”€â”€â”€â”€â”€â”€â”€â”€â”€â”€â”€â”€â”€â”€â”€â”€â”€â”€â”€â”€â”€â”€â”€â”€â”€â”€â”€â”€â”€â”€â”€â”€â”€â”€â”€â”€â”€â”€â”€â”€â”€
    test-results/03-history-management-Hist-af691-to-history-after-generation-chromium/video.webm
    â”€â”€â”€â”€â”€â”€â”€â”€â”€â”€â”€â”€â”€â”€â”€â”€â”€â”€â”€â”€â”€â”€â”€â”€â”€â”€â”€â”€â”€â”€â”€â”€â”€â”€â”€â”€â”€â”€â”€â”€â”€â”€â”€â”€â”€â”€â”€â”€â”€â”€â”€â”€â”€â”€â”€â”€â”€â”€â”€â”€â”€â”€â”€â”€â”€â”€â”€â”€â”€â”€â”€â”€â”€â”€â”€â”€â”€â”€â”€â”€â”€â”€â”€â”€â”€â”€â”€â”€â”€â”€â”€â”€â”€â”€â”€â”€

    Error Context: test-results/03-history-management-Hist-af691-to-history-after-generation-chromium/error-context.md

  21) [chromium] â€º tests/03-history-management.spec.js:39:3 â€º History Management â€º should load prompt from history 

    [31mTest timeout of 30000ms exceeded while running "beforeEach" hook.[39m

      11 | test.describe('History Management', () => {
      12 |   
    > 13 |   test.beforeEach(async ({ page }) => {
         |        ^
      14 |     await standardSetup(page);
      15 |   });
      16 |
        at /Users/thomaswagner/Desktop/Projects.nosync/promptbuilder/intelligent_prompt_builder/tests/03-history-management.spec.js:13:8

    Error: page.waitForLoadState: Test timeout of 30000ms exceeded.

       at fixtures/auth-helper.js:30

      28 |   await setupTestAuth(page);
      29 |   await page.goto('/');
    > 30 |   await page.waitForLoadState('networkidle');
         |              ^
      31 | }
      32 |
        at standardSetup (/Users/thomaswagner/Desktop/Projects.nosync/promptbuilder/intelligent_prompt_builder/tests/fixtures/auth-helper.js:30:14)
        at /Users/thomaswagner/Desktop/Projects.nosync/promptbuilder/intelligent_prompt_builder/tests/03-history-management.spec.js:14:5

    attachment #1: screenshot (image/png) â”€â”€â”€â”€â”€â”€â”€â”€â”€â”€â”€â”€â”€â”€â”€â”€â”€â”€â”€â”€â”€â”€â”€â”€â”€â”€â”€â”€â”€â”€â”€â”€â”€â”€â”€â”€â”€â”€â”€â”€â”€â”€â”€â”€â”€â”€â”€â”€â”€â”€â”€â”€â”€â”€â”€â”€â”€â”€
    test-results/03-history-management-Hist-e2bbc-ld-load-prompt-from-history-chromium/test-failed-1.png
    â”€â”€â”€â”€â”€â”€â”€â”€â”€â”€â”€â”€â”€â”€â”€â”€â”€â”€â”€â”€â”€â”€â”€â”€â”€â”€â”€â”€â”€â”€â”€â”€â”€â”€â”€â”€â”€â”€â”€â”€â”€â”€â”€â”€â”€â”€â”€â”€â”€â”€â”€â”€â”€â”€â”€â”€â”€â”€â”€â”€â”€â”€â”€â”€â”€â”€â”€â”€â”€â”€â”€â”€â”€â”€â”€â”€â”€â”€â”€â”€â”€â”€â”€â”€â”€â”€â”€â”€â”€â”€â”€â”€â”€â”€â”€â”€

    attachment #2: video (video/webm) â”€â”€â”€â”€â”€â”€â”€â”€â”€â”€â”€â”€â”€â”€â”€â”€â”€â”€â”€â”€â”€â”€â”€â”€â”€â”€â”€â”€â”€â”€â”€â”€â”€â”€â”€â”€â”€â”€â”€â”€â”€â”€â”€â”€â”€â”€â”€â”€â”€â”€â”€â”€â”€â”€â”€â”€â”€â”€â”€â”€â”€â”€
    test-results/03-history-management-Hist-e2bbc-ld-load-prompt-from-history-chromium/video.webm
    â”€â”€â”€â”€â”€â”€â”€â”€â”€â”€â”€â”€â”€â”€â”€â”€â”€â”€â”€â”€â”€â”€â”€â”€â”€â”€â”€â”€â”€â”€â”€â”€â”€â”€â”€â”€â”€â”€â”€â”€â”€â”€â”€â”€â”€â”€â”€â”€â”€â”€â”€â”€â”€â”€â”€â”€â”€â”€â”€â”€â”€â”€â”€â”€â”€â”€â”€â”€â”€â”€â”€â”€â”€â”€â”€â”€â”€â”€â”€â”€â”€â”€â”€â”€â”€â”€â”€â”€â”€â”€â”€â”€â”€â”€â”€â”€

    Error Context: test-results/03-history-management-Hist-e2bbc-ld-load-prompt-from-history-chromium/error-context.md

  22) [chromium] â€º tests/03-history-management.spec.js:69:3 â€º History Management â€º should delete individual history item 

    [31mTest timeout of 30000ms exceeded while running "beforeEach" hook.[39m

      11 | test.describe('History Management', () => {
      12 |   
    > 13 |   test.beforeEach(async ({ page }) => {
         |        ^
      14 |     await standardSetup(page);
      15 |   });
      16 |
        at /Users/thomaswagner/Desktop/Projects.nosync/promptbuilder/intelligent_prompt_builder/tests/03-history-management.spec.js:13:8

    Error: page.waitForLoadState: Test timeout of 30000ms exceeded.

       at fixtures/auth-helper.js:30

      28 |   await setupTestAuth(page);
      29 |   await page.goto('/');
    > 30 |   await page.waitForLoadState('networkidle');
         |              ^
      31 | }
      32 |
        at standardSetup (/Users/thomaswagner/Desktop/Projects.nosync/promptbuilder/intelligent_prompt_builder/tests/fixtures/auth-helper.js:30:14)
        at /Users/thomaswagner/Desktop/Projects.nosync/promptbuilder/intelligent_prompt_builder/tests/03-history-management.spec.js:14:5

    attachment #1: screenshot (image/png) â”€â”€â”€â”€â”€â”€â”€â”€â”€â”€â”€â”€â”€â”€â”€â”€â”€â”€â”€â”€â”€â”€â”€â”€â”€â”€â”€â”€â”€â”€â”€â”€â”€â”€â”€â”€â”€â”€â”€â”€â”€â”€â”€â”€â”€â”€â”€â”€â”€â”€â”€â”€â”€â”€â”€â”€â”€â”€
    test-results/03-history-management-Hist-23e7f-ete-individual-history-item-chromium/test-failed-1.png
    â”€â”€â”€â”€â”€â”€â”€â”€â”€â”€â”€â”€â”€â”€â”€â”€â”€â”€â”€â”€â”€â”€â”€â”€â”€â”€â”€â”€â”€â”€â”€â”€â”€â”€â”€â”€â”€â”€â”€â”€â”€â”€â”€â”€â”€â”€â”€â”€â”€â”€â”€â”€â”€â”€â”€â”€â”€â”€â”€â”€â”€â”€â”€â”€â”€â”€â”€â”€â”€â”€â”€â”€â”€â”€â”€â”€â”€â”€â”€â”€â”€â”€â”€â”€â”€â”€â”€â”€â”€â”€â”€â”€â”€â”€â”€â”€

    attachment #2: video (video/webm) â”€â”€â”€â”€â”€â”€â”€â”€â”€â”€â”€â”€â”€â”€â”€â”€â”€â”€â”€â”€â”€â”€â”€â”€â”€â”€â”€â”€â”€â”€â”€â”€â”€â”€â”€â”€â”€â”€â”€â”€â”€â”€â”€â”€â”€â”€â”€â”€â”€â”€â”€â”€â”€â”€â”€â”€â”€â”€â”€â”€â”€â”€
    test-results/03-history-management-Hist-23e7f-ete-individual-history-item-chromium/video.webm
    â”€â”€â”€â”€â”€â”€â”€â”€â”€â”€â”€â”€â”€â”€â”€â”€â”€â”€â”€â”€â”€â”€â”€â”€â”€â”€â”€â”€â”€â”€â”€â”€â”€â”€â”€â”€â”€â”€â”€â”€â”€â”€â”€â”€â”€â”€â”€â”€â”€â”€â”€â”€â”€â”€â”€â”€â”€â”€â”€â”€â”€â”€â”€â”€â”€â”€â”€â”€â”€â”€â”€â”€â”€â”€â”€â”€â”€â”€â”€â”€â”€â”€â”€â”€â”€â”€â”€â”€â”€â”€â”€â”€â”€â”€â”€â”€

    Error Context: test-results/03-history-management-Hist-23e7f-ete-individual-history-item-chromium/error-context.md

  23) [chromium] â€º tests/03-history-management.spec.js:102:3 â€º History Management â€º should clear all history 

    [31mTest timeout of 30000ms exceeded while running "beforeEach" hook.[39m

      11 | test.describe('History Management', () => {
      12 |   
    > 13 |   test.beforeEach(async ({ page }) => {
         |        ^
      14 |     await standardSetup(page);
      15 |   });
      16 |
        at /Users/thomaswagner/Desktop/Projects.nosync/promptbuilder/intelligent_prompt_builder/tests/03-history-management.spec.js:13:8

    Error: page.waitForLoadState: Test timeout of 30000ms exceeded.

       at fixtures/auth-helper.js:30

      28 |   await setupTestAuth(page);
      29 |   await page.goto('/');
    > 30 |   await page.waitForLoadState('networkidle');
         |              ^
      31 | }
      32 |
        at standardSetup (/Users/thomaswagner/Desktop/Projects.nosync/promptbuilder/intelligent_prompt_builder/tests/fixtures/auth-helper.js:30:14)
        at /Users/thomaswagner/Desktop/Projects.nosync/promptbuilder/intelligent_prompt_builder/tests/03-history-management.spec.js:14:5

    attachment #1: screenshot (image/png) â”€â”€â”€â”€â”€â”€â”€â”€â”€â”€â”€â”€â”€â”€â”€â”€â”€â”€â”€â”€â”€â”€â”€â”€â”€â”€â”€â”€â”€â”€â”€â”€â”€â”€â”€â”€â”€â”€â”€â”€â”€â”€â”€â”€â”€â”€â”€â”€â”€â”€â”€â”€â”€â”€â”€â”€â”€â”€
    test-results/03-history-management-Hist-aa76f-nt-should-clear-all-history-chromium/test-failed-1.png
    â”€â”€â”€â”€â”€â”€â”€â”€â”€â”€â”€â”€â”€â”€â”€â”€â”€â”€â”€â”€â”€â”€â”€â”€â”€â”€â”€â”€â”€â”€â”€â”€â”€â”€â”€â”€â”€â”€â”€â”€â”€â”€â”€â”€â”€â”€â”€â”€â”€â”€â”€â”€â”€â”€â”€â”€â”€â”€â”€â”€â”€â”€â”€â”€â”€â”€â”€â”€â”€â”€â”€â”€â”€â”€â”€â”€â”€â”€â”€â”€â”€â”€â”€â”€â”€â”€â”€â”€â”€â”€â”€â”€â”€â”€â”€â”€

    attachment #2: video (video/webm) â”€â”€â”€â”€â”€â”€â”€â”€â”€â”€â”€â”€â”€â”€â”€â”€â”€â”€â”€â”€â”€â”€â”€â”€â”€â”€â”€â”€â”€â”€â”€â”€â”€â”€â”€â”€â”€â”€â”€â”€â”€â”€â”€â”€â”€â”€â”€â”€â”€â”€â”€â”€â”€â”€â”€â”€â”€â”€â”€â”€â”€â”€
    test-results/03-history-management-Hist-aa76f-nt-should-clear-all-history-chromium/video.webm
    â”€â”€â”€â”€â”€â”€â”€â”€â”€â”€â”€â”€â”€â”€â”€â”€â”€â”€â”€â”€â”€â”€â”€â”€â”€â”€â”€â”€â”€â”€â”€â”€â”€â”€â”€â”€â”€â”€â”€â”€â”€â”€â”€â”€â”€â”€â”€â”€â”€â”€â”€â”€â”€â”€â”€â”€â”€â”€â”€â”€â”€â”€â”€â”€â”€â”€â”€â”€â”€â”€â”€â”€â”€â”€â”€â”€â”€â”€â”€â”€â”€â”€â”€â”€â”€â”€â”€â”€â”€â”€â”€â”€â”€â”€â”€â”€

    Error Context: test-results/03-history-management-Hist-aa76f-nt-should-clear-all-history-chromium/error-context.md

  24) [chromium] â€º tests/03-history-management.spec.js:137:3 â€º History Management â€º should persist history across page reloads 

    [31mTest timeout of 30000ms exceeded while running "beforeEach" hook.[39m

      11 | test.describe('History Management', () => {
      12 |   
    > 13 |   test.beforeEach(async ({ page }) => {
         |        ^
      14 |     await standardSetup(page);
      15 |   });
      16 |
        at /Users/thomaswagner/Desktop/Projects.nosync/promptbuilder/intelligent_prompt_builder/tests/03-history-management.spec.js:13:8

    Error: page.waitForLoadState: Test timeout of 30000ms exceeded.

       at fixtures/auth-helper.js:30

      28 |   await setupTestAuth(page);
      29 |   await page.goto('/');
    > 30 |   await page.waitForLoadState('networkidle');
         |              ^
      31 | }
      32 |
        at standardSetup (/Users/thomaswagner/Desktop/Projects.nosync/promptbuilder/intelligent_prompt_builder/tests/fixtures/auth-helper.js:30:14)
        at /Users/thomaswagner/Desktop/Projects.nosync/promptbuilder/intelligent_prompt_builder/tests/03-history-management.spec.js:14:5

    attachment #1: screenshot (image/png) â”€â”€â”€â”€â”€â”€â”€â”€â”€â”€â”€â”€â”€â”€â”€â”€â”€â”€â”€â”€â”€â”€â”€â”€â”€â”€â”€â”€â”€â”€â”€â”€â”€â”€â”€â”€â”€â”€â”€â”€â”€â”€â”€â”€â”€â”€â”€â”€â”€â”€â”€â”€â”€â”€â”€â”€â”€â”€
    test-results/03-history-management-Hist-18d8b-history-across-page-reloads-chromium/test-failed-1.png
    â”€â”€â”€â”€â”€â”€â”€â”€â”€â”€â”€â”€â”€â”€â”€â”€â”€â”€â”€â”€â”€â”€â”€â”€â”€â”€â”€â”€â”€â”€â”€â”€â”€â”€â”€â”€â”€â”€â”€â”€â”€â”€â”€â”€â”€â”€â”€â”€â”€â”€â”€â”€â”€â”€â”€â”€â”€â”€â”€â”€â”€â”€â”€â”€â”€â”€â”€â”€â”€â”€â”€â”€â”€â”€â”€â”€â”€â”€â”€â”€â”€â”€â”€â”€â”€â”€â”€â”€â”€â”€â”€â”€â”€â”€â”€â”€

    attachment #2: video (video/webm) â”€â”€â”€â”€â”€â”€â”€â”€â”€â”€â”€â”€â”€â”€â”€â”€â”€â”€â”€â”€â”€â”€â”€â”€â”€â”€â”€â”€â”€â”€â”€â”€â”€â”€â”€â”€â”€â”€â”€â”€â”€â”€â”€â”€â”€â”€â”€â”€â”€â”€â”€â”€â”€â”€â”€â”€â”€â”€â”€â”€â”€â”€
    test-results/03-history-management-Hist-18d8b-history-across-page-reloads-chromium/video.webm
    â”€â”€â”€â”€â”€â”€â”€â”€â”€â”€â”€â”€â”€â”€â”€â”€â”€â”€â”€â”€â”€â”€â”€â”€â”€â”€â”€â”€â”€â”€â”€â”€â”€â”€â”€â”€â”€â”€â”€â”€â”€â”€â”€â”€â”€â”€â”€â”€â”€â”€â”€â”€â”€â”€â”€â”€â”€â”€â”€â”€â”€â”€â”€â”€â”€â”€â”€â”€â”€â”€â”€â”€â”€â”€â”€â”€â”€â”€â”€â”€â”€â”€â”€â”€â”€â”€â”€â”€â”€â”€â”€â”€â”€â”€â”€â”€

    Error Context: test-results/03-history-management-Hist-18d8b-history-across-page-reloads-chromium/error-context.md

  25) [chromium] â€º tests/03-history-management.spec.js:163:3 â€º History Management â€º should show empty state when no history 

    [31mTest timeout of 30000ms exceeded while running "beforeEach" hook.[39m

      11 | test.describe('History Management', () => {
      12 |   
    > 13 |   test.beforeEach(async ({ page }) => {
         |        ^
      14 |     await standardSetup(page);
      15 |   });
      16 |
        at /Users/thomaswagner/Desktop/Projects.nosync/promptbuilder/intelligent_prompt_builder/tests/03-history-management.spec.js:13:8

    Error: page.waitForLoadState: Test timeout of 30000ms exceeded.

       at fixtures/auth-helper.js:30

      28 |   await setupTestAuth(page);
      29 |   await page.goto('/');
    > 30 |   await page.waitForLoadState('networkidle');
         |              ^
      31 | }
      32 |
        at standardSetup (/Users/thomaswagner/Desktop/Projects.nosync/promptbuilder/intelligent_prompt_builder/tests/fixtures/auth-helper.js:30:14)
        at /Users/thomaswagner/Desktop/Projects.nosync/promptbuilder/intelligent_prompt_builder/tests/03-history-management.spec.js:14:5

    attachment #1: screenshot (image/png) â”€â”€â”€â”€â”€â”€â”€â”€â”€â”€â”€â”€â”€â”€â”€â”€â”€â”€â”€â”€â”€â”€â”€â”€â”€â”€â”€â”€â”€â”€â”€â”€â”€â”€â”€â”€â”€â”€â”€â”€â”€â”€â”€â”€â”€â”€â”€â”€â”€â”€â”€â”€â”€â”€â”€â”€â”€â”€
    test-results/03-history-management-Hist-9969a-empty-state-when-no-history-chromium/test-failed-1.png
    â”€â”€â”€â”€â”€â”€â”€â”€â”€â”€â”€â”€â”€â”€â”€â”€â”€â”€â”€â”€â”€â”€â”€â”€â”€â”€â”€â”€â”€â”€â”€â”€â”€â”€â”€â”€â”€â”€â”€â”€â”€â”€â”€â”€â”€â”€â”€â”€â”€â”€â”€â”€â”€â”€â”€â”€â”€â”€â”€â”€â”€â”€â”€â”€â”€â”€â”€â”€â”€â”€â”€â”€â”€â”€â”€â”€â”€â”€â”€â”€â”€â”€â”€â”€â”€â”€â”€â”€â”€â”€â”€â”€â”€â”€â”€â”€

    attachment #2: video (video/webm) â”€â”€â”€â”€â”€â”€â”€â”€â”€â”€â”€â”€â”€â”€â”€â”€â”€â”€â”€â”€â”€â”€â”€â”€â”€â”€â”€â”€â”€â”€â”€â”€â”€â”€â”€â”€â”€â”€â”€â”€â”€â”€â”€â”€â”€â”€â”€â”€â”€â”€â”€â”€â”€â”€â”€â”€â”€â”€â”€â”€â”€â”€
    test-results/03-history-management-Hist-9969a-empty-state-when-no-history-chromium/video.webm
    â”€â”€â”€â”€â”€â”€â”€â”€â”€â”€â”€â”€â”€â”€â”€â”€â”€â”€â”€â”€â”€â”€â”€â”€â”€â”€â”€â”€â”€â”€â”€â”€â”€â”€â”€â”€â”€â”€â”€â”€â”€â”€â”€â”€â”€â”€â”€â”€â”€â”€â”€â”€â”€â”€â”€â”€â”€â”€â”€â”€â”€â”€â”€â”€â”€â”€â”€â”€â”€â”€â”€â”€â”€â”€â”€â”€â”€â”€â”€â”€â”€â”€â”€â”€â”€â”€â”€â”€â”€â”€â”€â”€â”€â”€â”€â”€

    Error Context: test-results/03-history-management-Hist-9969a-empty-state-when-no-history-chromium/error-context.md

  26) [chromium] â€º tests/03-history-management.spec.js:190:3 â€º History Management â€º should show history item metadata 

    [31mTest timeout of 30000ms exceeded while running "beforeEach" hook.[39m

      11 | test.describe('History Management', () => {
      12 |   
    > 13 |   test.beforeEach(async ({ page }) => {
         |        ^
      14 |     await standardSetup(page);
      15 |   });
      16 |
        at /Users/thomaswagner/Desktop/Projects.nosync/promptbuilder/intelligent_prompt_builder/tests/03-history-management.spec.js:13:8

    Error: page.waitForLoadState: Test timeout of 30000ms exceeded.

       at fixtures/auth-helper.js:30

      28 |   await setupTestAuth(page);
      29 |   await page.goto('/');
    > 30 |   await page.waitForLoadState('networkidle');
         |              ^
      31 | }
      32 |
        at standardSetup (/Users/thomaswagner/Desktop/Projects.nosync/promptbuilder/intelligent_prompt_builder/tests/fixtures/auth-helper.js:30:14)
        at /Users/thomaswagner/Desktop/Projects.nosync/promptbuilder/intelligent_prompt_builder/tests/03-history-management.spec.js:14:5

    attachment #1: screenshot (image/png) â”€â”€â”€â”€â”€â”€â”€â”€â”€â”€â”€â”€â”€â”€â”€â”€â”€â”€â”€â”€â”€â”€â”€â”€â”€â”€â”€â”€â”€â”€â”€â”€â”€â”€â”€â”€â”€â”€â”€â”€â”€â”€â”€â”€â”€â”€â”€â”€â”€â”€â”€â”€â”€â”€â”€â”€â”€â”€
    test-results/03-history-management-Hist-a8c22--show-history-item-metadata-chromium/test-failed-1.png
    â”€â”€â”€â”€â”€â”€â”€â”€â”€â”€â”€â”€â”€â”€â”€â”€â”€â”€â”€â”€â”€â”€â”€â”€â”€â”€â”€â”€â”€â”€â”€â”€â”€â”€â”€â”€â”€â”€â”€â”€â”€â”€â”€â”€â”€â”€â”€â”€â”€â”€â”€â”€â”€â”€â”€â”€â”€â”€â”€â”€â”€â”€â”€â”€â”€â”€â”€â”€â”€â”€â”€â”€â”€â”€â”€â”€â”€â”€â”€â”€â”€â”€â”€â”€â”€â”€â”€â”€â”€â”€â”€â”€â”€â”€â”€â”€

    attachment #2: video (video/webm) â”€â”€â”€â”€â”€â”€â”€â”€â”€â”€â”€â”€â”€â”€â”€â”€â”€â”€â”€â”€â”€â”€â”€â”€â”€â”€â”€â”€â”€â”€â”€â”€â”€â”€â”€â”€â”€â”€â”€â”€â”€â”€â”€â”€â”€â”€â”€â”€â”€â”€â”€â”€â”€â”€â”€â”€â”€â”€â”€â”€â”€â”€
    test-results/03-history-management-Hist-a8c22--show-history-item-metadata-chromium/video.webm
    â”€â”€â”€â”€â”€â”€â”€â”€â”€â”€â”€â”€â”€â”€â”€â”€â”€â”€â”€â”€â”€â”€â”€â”€â”€â”€â”€â”€â”€â”€â”€â”€â”€â”€â”€â”€â”€â”€â”€â”€â”€â”€â”€â”€â”€â”€â”€â”€â”€â”€â”€â”€â”€â”€â”€â”€â”€â”€â”€â”€â”€â”€â”€â”€â”€â”€â”€â”€â”€â”€â”€â”€â”€â”€â”€â”€â”€â”€â”€â”€â”€â”€â”€â”€â”€â”€â”€â”€â”€â”€â”€â”€â”€â”€â”€â”€

    Error Context: test-results/03-history-management-Hist-a8c22--show-history-item-metadata-chromium/error-context.md

  27) [chromium] â€º tests/04-regression.spec.js:18:3 â€º Regression Tests - Pre/Post Refactor â€º REGRESSION: identical output for same inputs 

    [31mTest timeout of 30000ms exceeded while running "beforeEach" hook.[39m

      12 | test.describe('Regression Tests - Pre/Post Refactor', () => {
      13 |   
    > 14 |   test.beforeEach(async ({ page }) => {
         |        ^
      15 |     await standardSetup(page);
      16 |   });
      17 |
        at /Users/thomaswagner/Desktop/Projects.nosync/promptbuilder/intelligent_prompt_builder/tests/04-regression.spec.js:14:8

    Error: page.waitForLoadState: Test timeout of 30000ms exceeded.

       at fixtures/auth-helper.js:30

      28 |   await setupTestAuth(page);
      29 |   await page.goto('/');
    > 30 |   await page.waitForLoadState('networkidle');
         |              ^
      31 | }
      32 |
        at standardSetup (/Users/thomaswagner/Desktop/Projects.nosync/promptbuilder/intelligent_prompt_builder/tests/fixtures/auth-helper.js:30:14)
        at /Users/thomaswagner/Desktop/Projects.nosync/promptbuilder/intelligent_prompt_builder/tests/04-regression.spec.js:15:5

    attachment #1: screenshot (image/png) â”€â”€â”€â”€â”€â”€â”€â”€â”€â”€â”€â”€â”€â”€â”€â”€â”€â”€â”€â”€â”€â”€â”€â”€â”€â”€â”€â”€â”€â”€â”€â”€â”€â”€â”€â”€â”€â”€â”€â”€â”€â”€â”€â”€â”€â”€â”€â”€â”€â”€â”€â”€â”€â”€â”€â”€â”€â”€
    test-results/04-regression-Regression-T-29ecd-ical-output-for-same-inputs-chromium/test-failed-1.png
    â”€â”€â”€â”€â”€â”€â”€â”€â”€â”€â”€â”€â”€â”€â”€â”€â”€â”€â”€â”€â”€â”€â”€â”€â”€â”€â”€â”€â”€â”€â”€â”€â”€â”€â”€â”€â”€â”€â”€â”€â”€â”€â”€â”€â”€â”€â”€â”€â”€â”€â”€â”€â”€â”€â”€â”€â”€â”€â”€â”€â”€â”€â”€â”€â”€â”€â”€â”€â”€â”€â”€â”€â”€â”€â”€â”€â”€â”€â”€â”€â”€â”€â”€â”€â”€â”€â”€â”€â”€â”€â”€â”€â”€â”€â”€â”€

    attachment #2: video (video/webm) â”€â”€â”€â”€â”€â”€â”€â”€â”€â”€â”€â”€â”€â”€â”€â”€â”€â”€â”€â”€â”€â”€â”€â”€â”€â”€â”€â”€â”€â”€â”€â”€â”€â”€â”€â”€â”€â”€â”€â”€â”€â”€â”€â”€â”€â”€â”€â”€â”€â”€â”€â”€â”€â”€â”€â”€â”€â”€â”€â”€â”€â”€
    test-results/04-regression-Regression-T-29ecd-ical-output-for-same-inputs-chromium/video.webm
    â”€â”€â”€â”€â”€â”€â”€â”€â”€â”€â”€â”€â”€â”€â”€â”€â”€â”€â”€â”€â”€â”€â”€â”€â”€â”€â”€â”€â”€â”€â”€â”€â”€â”€â”€â”€â”€â”€â”€â”€â”€â”€â”€â”€â”€â”€â”€â”€â”€â”€â”€â”€â”€â”€â”€â”€â”€â”€â”€â”€â”€â”€â”€â”€â”€â”€â”€â”€â”€â”€â”€â”€â”€â”€â”€â”€â”€â”€â”€â”€â”€â”€â”€â”€â”€â”€â”€â”€â”€â”€â”€â”€â”€â”€â”€â”€

    Error Context: test-results/04-regression-Regression-T-29ecd-ical-output-for-same-inputs-chromium/error-context.md

  28) [chromium] â€º tests/04-regression.spec.js:44:3 â€º Regression Tests - Pre/Post Refactor â€º REGRESSION: all output types work 

    [31mTest timeout of 30000ms exceeded while running "beforeEach" hook.[39m

      12 | test.describe('Regression Tests - Pre/Post Refactor', () => {
      13 |   
    > 14 |   test.beforeEach(async ({ page }) => {
         |        ^
      15 |     await standardSetup(page);
      16 |   });
      17 |
        at /Users/thomaswagner/Desktop/Projects.nosync/promptbuilder/intelligent_prompt_builder/tests/04-regression.spec.js:14:8

    Error: page.waitForLoadState: Test timeout of 30000ms exceeded.

       at fixtures/auth-helper.js:30

      28 |   await setupTestAuth(page);
      29 |   await page.goto('/');
    > 30 |   await page.waitForLoadState('networkidle');
         |              ^
      31 | }
      32 |
        at standardSetup (/Users/thomaswagner/Desktop/Projects.nosync/promptbuilder/intelligent_prompt_builder/tests/fixtures/auth-helper.js:30:14)
        at /Users/thomaswagner/Desktop/Projects.nosync/promptbuilder/intelligent_prompt_builder/tests/04-regression.spec.js:15:5

    attachment #1: screenshot (image/png) â”€â”€â”€â”€â”€â”€â”€â”€â”€â”€â”€â”€â”€â”€â”€â”€â”€â”€â”€â”€â”€â”€â”€â”€â”€â”€â”€â”€â”€â”€â”€â”€â”€â”€â”€â”€â”€â”€â”€â”€â”€â”€â”€â”€â”€â”€â”€â”€â”€â”€â”€â”€â”€â”€â”€â”€â”€â”€
    test-results/04-regression-Regression-T-df9c7-SSION-all-output-types-work-chromium/test-failed-1.png
    â”€â”€â”€â”€â”€â”€â”€â”€â”€â”€â”€â”€â”€â”€â”€â”€â”€â”€â”€â”€â”€â”€â”€â”€â”€â”€â”€â”€â”€â”€â”€â”€â”€â”€â”€â”€â”€â”€â”€â”€â”€â”€â”€â”€â”€â”€â”€â”€â”€â”€â”€â”€â”€â”€â”€â”€â”€â”€â”€â”€â”€â”€â”€â”€â”€â”€â”€â”€â”€â”€â”€â”€â”€â”€â”€â”€â”€â”€â”€â”€â”€â”€â”€â”€â”€â”€â”€â”€â”€â”€â”€â”€â”€â”€â”€â”€

    attachment #2: video (video/webm) â”€â”€â”€â”€â”€â”€â”€â”€â”€â”€â”€â”€â”€â”€â”€â”€â”€â”€â”€â”€â”€â”€â”€â”€â”€â”€â”€â”€â”€â”€â”€â”€â”€â”€â”€â”€â”€â”€â”€â”€â”€â”€â”€â”€â”€â”€â”€â”€â”€â”€â”€â”€â”€â”€â”€â”€â”€â”€â”€â”€â”€â”€
    test-results/04-regression-Regression-T-df9c7-SSION-all-output-types-work-chromium/video.webm
    â”€â”€â”€â”€â”€â”€â”€â”€â”€â”€â”€â”€â”€â”€â”€â”€â”€â”€â”€â”€â”€â”€â”€â”€â”€â”€â”€â”€â”€â”€â”€â”€â”€â”€â”€â”€â”€â”€â”€â”€â”€â”€â”€â”€â”€â”€â”€â”€â”€â”€â”€â”€â”€â”€â”€â”€â”€â”€â”€â”€â”€â”€â”€â”€â”€â”€â”€â”€â”€â”€â”€â”€â”€â”€â”€â”€â”€â”€â”€â”€â”€â”€â”€â”€â”€â”€â”€â”€â”€â”€â”€â”€â”€â”€â”€â”€

    Error Context: test-results/04-regression-Regression-T-df9c7-SSION-all-output-types-work-chromium/error-context.md

  29) [chromium] â€º tests/04-regression.spec.js:74:3 â€º Regression Tests - Pre/Post Refactor â€º REGRESSION: all tones work 

    [31mTest timeout of 30000ms exceeded while running "beforeEach" hook.[39m

      12 | test.describe('Regression Tests - Pre/Post Refactor', () => {
      13 |   
    > 14 |   test.beforeEach(async ({ page }) => {
         |        ^
      15 |     await standardSetup(page);
      16 |   });
      17 |
        at /Users/thomaswagner/Desktop/Projects.nosync/promptbuilder/intelligent_prompt_builder/tests/04-regression.spec.js:14:8

    Error: page.waitForLoadState: Test timeout of 30000ms exceeded.

       at fixtures/auth-helper.js:30

      28 |   await setupTestAuth(page);
      29 |   await page.goto('/');
    > 30 |   await page.waitForLoadState('networkidle');
         |              ^
      31 | }
      32 |
        at standardSetup (/Users/thomaswagner/Desktop/Projects.nosync/promptbuilder/intelligent_prompt_builder/tests/fixtures/auth-helper.js:30:14)
        at /Users/thomaswagner/Desktop/Projects.nosync/promptbuilder/intelligent_prompt_builder/tests/04-regression.spec.js:15:5

    attachment #1: screenshot (image/png) â”€â”€â”€â”€â”€â”€â”€â”€â”€â”€â”€â”€â”€â”€â”€â”€â”€â”€â”€â”€â”€â”€â”€â”€â”€â”€â”€â”€â”€â”€â”€â”€â”€â”€â”€â”€â”€â”€â”€â”€â”€â”€â”€â”€â”€â”€â”€â”€â”€â”€â”€â”€â”€â”€â”€â”€â”€â”€
    test-results/04-regression-Regression-T-0f3db-r-REGRESSION-all-tones-work-chromium/test-failed-1.png
    â”€â”€â”€â”€â”€â”€â”€â”€â”€â”€â”€â”€â”€â”€â”€â”€â”€â”€â”€â”€â”€â”€â”€â”€â”€â”€â”€â”€â”€â”€â”€â”€â”€â”€â”€â”€â”€â”€â”€â”€â”€â”€â”€â”€â”€â”€â”€â”€â”€â”€â”€â”€â”€â”€â”€â”€â”€â”€â”€â”€â”€â”€â”€â”€â”€â”€â”€â”€â”€â”€â”€â”€â”€â”€â”€â”€â”€â”€â”€â”€â”€â”€â”€â”€â”€â”€â”€â”€â”€â”€â”€â”€â”€â”€â”€â”€

    attachment #2: video (video/webm) â”€â”€â”€â”€â”€â”€â”€â”€â”€â”€â”€â”€â”€â”€â”€â”€â”€â”€â”€â”€â”€â”€â”€â”€â”€â”€â”€â”€â”€â”€â”€â”€â”€â”€â”€â”€â”€â”€â”€â”€â”€â”€â”€â”€â”€â”€â”€â”€â”€â”€â”€â”€â”€â”€â”€â”€â”€â”€â”€â”€â”€â”€
    test-results/04-regression-Regression-T-0f3db-r-REGRESSION-all-tones-work-chromium/video.webm
    â”€â”€â”€â”€â”€â”€â”€â”€â”€â”€â”€â”€â”€â”€â”€â”€â”€â”€â”€â”€â”€â”€â”€â”€â”€â”€â”€â”€â”€â”€â”€â”€â”€â”€â”€â”€â”€â”€â”€â”€â”€â”€â”€â”€â”€â”€â”€â”€â”€â”€â”€â”€â”€â”€â”€â”€â”€â”€â”€â”€â”€â”€â”€â”€â”€â”€â”€â”€â”€â”€â”€â”€â”€â”€â”€â”€â”€â”€â”€â”€â”€â”€â”€â”€â”€â”€â”€â”€â”€â”€â”€â”€â”€â”€â”€â”€

    Error Context: test-results/04-regression-Regression-T-0f3db-r-REGRESSION-all-tones-work-chromium/error-context.md

  30) [chromium] â€º tests/04-regression.spec.js:100:3 â€º Regression Tests - Pre/Post Refactor â€º REGRESSION: all formats work 

    [31mTest timeout of 30000ms exceeded while running "beforeEach" hook.[39m

      12 | test.describe('Regression Tests - Pre/Post Refactor', () => {
      13 |   
    > 14 |   test.beforeEach(async ({ page }) => {
         |        ^
      15 |     await standardSetup(page);
      16 |   });
      17 |
        at /Users/thomaswagner/Desktop/Projects.nosync/promptbuilder/intelligent_prompt_builder/tests/04-regression.spec.js:14:8

    Error: page.waitForLoadState: Test timeout of 30000ms exceeded.

       at fixtures/auth-helper.js:30

      28 |   await setupTestAuth(page);
      29 |   await page.goto('/');
    > 30 |   await page.waitForLoadState('networkidle');
         |              ^
      31 | }
      32 |
        at standardSetup (/Users/thomaswagner/Desktop/Projects.nosync/promptbuilder/intelligent_prompt_builder/tests/fixtures/auth-helper.js:30:14)
        at /Users/thomaswagner/Desktop/Projects.nosync/promptbuilder/intelligent_prompt_builder/tests/04-regression.spec.js:15:5

    attachment #1: screenshot (image/png) â”€â”€â”€â”€â”€â”€â”€â”€â”€â”€â”€â”€â”€â”€â”€â”€â”€â”€â”€â”€â”€â”€â”€â”€â”€â”€â”€â”€â”€â”€â”€â”€â”€â”€â”€â”€â”€â”€â”€â”€â”€â”€â”€â”€â”€â”€â”€â”€â”€â”€â”€â”€â”€â”€â”€â”€â”€â”€
    test-results/04-regression-Regression-T-e4864-REGRESSION-all-formats-work-chromium/test-failed-1.png
    â”€â”€â”€â”€â”€â”€â”€â”€â”€â”€â”€â”€â”€â”€â”€â”€â”€â”€â”€â”€â”€â”€â”€â”€â”€â”€â”€â”€â”€â”€â”€â”€â”€â”€â”€â”€â”€â”€â”€â”€â”€â”€â”€â”€â”€â”€â”€â”€â”€â”€â”€â”€â”€â”€â”€â”€â”€â”€â”€â”€â”€â”€â”€â”€â”€â”€â”€â”€â”€â”€â”€â”€â”€â”€â”€â”€â”€â”€â”€â”€â”€â”€â”€â”€â”€â”€â”€â”€â”€â”€â”€â”€â”€â”€â”€â”€

    attachment #2: video (video/webm) â”€â”€â”€â”€â”€â”€â”€â”€â”€â”€â”€â”€â”€â”€â”€â”€â”€â”€â”€â”€â”€â”€â”€â”€â”€â”€â”€â”€â”€â”€â”€â”€â”€â”€â”€â”€â”€â”€â”€â”€â”€â”€â”€â”€â”€â”€â”€â”€â”€â”€â”€â”€â”€â”€â”€â”€â”€â”€â”€â”€â”€â”€
    test-results/04-regression-Regression-T-e4864-REGRESSION-all-formats-work-chromium/video.webm
    â”€â”€â”€â”€â”€â”€â”€â”€â”€â”€â”€â”€â”€â”€â”€â”€â”€â”€â”€â”€â”€â”€â”€â”€â”€â”€â”€â”€â”€â”€â”€â”€â”€â”€â”€â”€â”€â”€â”€â”€â”€â”€â”€â”€â”€â”€â”€â”€â”€â”€â”€â”€â”€â”€â”€â”€â”€â”€â”€â”€â”€â”€â”€â”€â”€â”€â”€â”€â”€â”€â”€â”€â”€â”€â”€â”€â”€â”€â”€â”€â”€â”€â”€â”€â”€â”€â”€â”€â”€â”€â”€â”€â”€â”€â”€â”€

    Error Context: test-results/04-regression-Regression-T-e4864-REGRESSION-all-formats-work-chromium/error-context.md

  31) [chromium] â€º tests/04-regression.spec.js:126:3 â€º Regression Tests - Pre/Post Refactor â€º REGRESSION: no console errors during normal flow 

    [31mTest timeout of 30000ms exceeded while running "beforeEach" hook.[39m

      12 | test.describe('Regression Tests - Pre/Post Refactor', () => {
      13 |   
    > 14 |   test.beforeEach(async ({ page }) => {
         |        ^
      15 |     await standardSetup(page);
      16 |   });
      17 |
        at /Users/thomaswagner/Desktop/Projects.nosync/promptbuilder/intelligent_prompt_builder/tests/04-regression.spec.js:14:8

    Error: page.waitForLoadState: Test timeout of 30000ms exceeded.

       at fixtures/auth-helper.js:30

      28 |   await setupTestAuth(page);
      29 |   await page.goto('/');
    > 30 |   await page.waitForLoadState('networkidle');
         |              ^
      31 | }
      32 |
        at standardSetup (/Users/thomaswagner/Desktop/Projects.nosync/promptbuilder/intelligent_prompt_builder/tests/fixtures/auth-helper.js:30:14)
        at /Users/thomaswagner/Desktop/Projects.nosync/promptbuilder/intelligent_prompt_builder/tests/04-regression.spec.js:15:5

    attachment #1: screenshot (image/png) â”€â”€â”€â”€â”€â”€â”€â”€â”€â”€â”€â”€â”€â”€â”€â”€â”€â”€â”€â”€â”€â”€â”€â”€â”€â”€â”€â”€â”€â”€â”€â”€â”€â”€â”€â”€â”€â”€â”€â”€â”€â”€â”€â”€â”€â”€â”€â”€â”€â”€â”€â”€â”€â”€â”€â”€â”€â”€
    test-results/04-regression-Regression-T-128c6-e-errors-during-normal-flow-chromium/test-failed-1.png
    â”€â”€â”€â”€â”€â”€â”€â”€â”€â”€â”€â”€â”€â”€â”€â”€â”€â”€â”€â”€â”€â”€â”€â”€â”€â”€â”€â”€â”€â”€â”€â”€â”€â”€â”€â”€â”€â”€â”€â”€â”€â”€â”€â”€â”€â”€â”€â”€â”€â”€â”€â”€â”€â”€â”€â”€â”€â”€â”€â”€â”€â”€â”€â”€â”€â”€â”€â”€â”€â”€â”€â”€â”€â”€â”€â”€â”€â”€â”€â”€â”€â”€â”€â”€â”€â”€â”€â”€â”€â”€â”€â”€â”€â”€â”€â”€

    attachment #2: video (video/webm) â”€â”€â”€â”€â”€â”€â”€â”€â”€â”€â”€â”€â”€â”€â”€â”€â”€â”€â”€â”€â”€â”€â”€â”€â”€â”€â”€â”€â”€â”€â”€â”€â”€â”€â”€â”€â”€â”€â”€â”€â”€â”€â”€â”€â”€â”€â”€â”€â”€â”€â”€â”€â”€â”€â”€â”€â”€â”€â”€â”€â”€â”€
    test-results/04-regression-Regression-T-128c6-e-errors-during-normal-flow-chromium/video.webm
    â”€â”€â”€â”€â”€â”€â”€â”€â”€â”€â”€â”€â”€â”€â”€â”€â”€â”€â”€â”€â”€â”€â”€â”€â”€â”€â”€â”€â”€â”€â”€â”€â”€â”€â”€â”€â”€â”€â”€â”€â”€â”€â”€â”€â”€â”€â”€â”€â”€â”€â”€â”€â”€â”€â”€â”€â”€â”€â”€â”€â”€â”€â”€â”€â”€â”€â”€â”€â”€â”€â”€â”€â”€â”€â”€â”€â”€â”€â”€â”€â”€â”€â”€â”€â”€â”€â”€â”€â”€â”€â”€â”€â”€â”€â”€â”€

    Error Context: test-results/04-regression-Regression-T-128c6-e-errors-during-normal-flow-chromium/error-context.md

  32) [chromium] â€º tests/04-regression.spec.js:151:3 â€º Regression Tests - Pre/Post Refactor â€º REGRESSION: API calls complete successfully 

    [31mTest timeout of 30000ms exceeded while running "beforeEach" hook.[39m

      12 | test.describe('Regression Tests - Pre/Post Refactor', () => {
      13 |   
    > 14 |   test.beforeEach(async ({ page }) => {
         |        ^
      15 |     await standardSetup(page);
      16 |   });
      17 |
        at /Users/thomaswagner/Desktop/Projects.nosync/promptbuilder/intelligent_prompt_builder/tests/04-regression.spec.js:14:8

    Error: page.waitForLoadState: Test timeout of 30000ms exceeded.

       at fixtures/auth-helper.js:30

      28 |   await setupTestAuth(page);
      29 |   await page.goto('/');
    > 30 |   await page.waitForLoadState('networkidle');
         |              ^
      31 | }
      32 |
        at standardSetup (/Users/thomaswagner/Desktop/Projects.nosync/promptbuilder/intelligent_prompt_builder/tests/fixtures/auth-helper.js:30:14)
        at /Users/thomaswagner/Desktop/Projects.nosync/promptbuilder/intelligent_prompt_builder/tests/04-regression.spec.js:15:5

    attachment #1: screenshot (image/png) â”€â”€â”€â”€â”€â”€â”€â”€â”€â”€â”€â”€â”€â”€â”€â”€â”€â”€â”€â”€â”€â”€â”€â”€â”€â”€â”€â”€â”€â”€â”€â”€â”€â”€â”€â”€â”€â”€â”€â”€â”€â”€â”€â”€â”€â”€â”€â”€â”€â”€â”€â”€â”€â”€â”€â”€â”€â”€
    test-results/04-regression-Regression-T-05314-calls-complete-successfully-chromium/test-failed-1.png
    â”€â”€â”€â”€â”€â”€â”€â”€â”€â”€â”€â”€â”€â”€â”€â”€â”€â”€â”€â”€â”€â”€â”€â”€â”€â”€â”€â”€â”€â”€â”€â”€â”€â”€â”€â”€â”€â”€â”€â”€â”€â”€â”€â”€â”€â”€â”€â”€â”€â”€â”€â”€â”€â”€â”€â”€â”€â”€â”€â”€â”€â”€â”€â”€â”€â”€â”€â”€â”€â”€â”€â”€â”€â”€â”€â”€â”€â”€â”€â”€â”€â”€â”€â”€â”€â”€â”€â”€â”€â”€â”€â”€â”€â”€â”€â”€

    attachment #2: video (video/webm) â”€â”€â”€â”€â”€â”€â”€â”€â”€â”€â”€â”€â”€â”€â”€â”€â”€â”€â”€â”€â”€â”€â”€â”€â”€â”€â”€â”€â”€â”€â”€â”€â”€â”€â”€â”€â”€â”€â”€â”€â”€â”€â”€â”€â”€â”€â”€â”€â”€â”€â”€â”€â”€â”€â”€â”€â”€â”€â”€â”€â”€â”€
    test-results/04-regression-Regression-T-05314-calls-complete-successfully-chromium/video.webm
    â”€â”€â”€â”€â”€â”€â”€â”€â”€â”€â”€â”€â”€â”€â”€â”€â”€â”€â”€â”€â”€â”€â”€â”€â”€â”€â”€â”€â”€â”€â”€â”€â”€â”€â”€â”€â”€â”€â”€â”€â”€â”€â”€â”€â”€â”€â”€â”€â”€â”€â”€â”€â”€â”€â”€â”€â”€â”€â”€â”€â”€â”€â”€â”€â”€â”€â”€â”€â”€â”€â”€â”€â”€â”€â”€â”€â”€â”€â”€â”€â”€â”€â”€â”€â”€â”€â”€â”€â”€â”€â”€â”€â”€â”€â”€â”€

    Error Context: test-results/04-regression-Regression-T-05314-calls-complete-successfully-chromium/error-context.md

  33) [chromium] â€º tests/04-regression.spec.js:178:3 â€º Regression Tests - Pre/Post Refactor â€º REGRESSION: state persists correctly 

    [31mTest timeout of 30000ms exceeded while running "beforeEach" hook.[39m

      12 | test.describe('Regression Tests - Pre/Post Refactor', () => {
      13 |   
    > 14 |   test.beforeEach(async ({ page }) => {
         |        ^
      15 |     await standardSetup(page);
      16 |   });
      17 |
        at /Users/thomaswagner/Desktop/Projects.nosync/promptbuilder/intelligent_prompt_builder/tests/04-regression.spec.js:14:8

    Error: page.waitForLoadState: Test timeout of 30000ms exceeded.

       at fixtures/auth-helper.js:30

      28 |   await setupTestAuth(page);
      29 |   await page.goto('/');
    > 30 |   await page.waitForLoadState('networkidle');
         |              ^
      31 | }
      32 |
        at standardSetup (/Users/thomaswagner/Desktop/Projects.nosync/promptbuilder/intelligent_prompt_builder/tests/fixtures/auth-helper.js:30:14)
        at /Users/thomaswagner/Desktop/Projects.nosync/promptbuilder/intelligent_prompt_builder/tests/04-regression.spec.js:15:5

    attachment #1: screenshot (image/png) â”€â”€â”€â”€â”€â”€â”€â”€â”€â”€â”€â”€â”€â”€â”€â”€â”€â”€â”€â”€â”€â”€â”€â”€â”€â”€â”€â”€â”€â”€â”€â”€â”€â”€â”€â”€â”€â”€â”€â”€â”€â”€â”€â”€â”€â”€â”€â”€â”€â”€â”€â”€â”€â”€â”€â”€â”€â”€
    test-results/04-regression-Regression-T-787c2-ON-state-persists-correctly-chromium/test-failed-1.png
    â”€â”€â”€â”€â”€â”€â”€â”€â”€â”€â”€â”€â”€â”€â”€â”€â”€â”€â”€â”€â”€â”€â”€â”€â”€â”€â”€â”€â”€â”€â”€â”€â”€â”€â”€â”€â”€â”€â”€â”€â”€â”€â”€â”€â”€â”€â”€â”€â”€â”€â”€â”€â”€â”€â”€â”€â”€â”€â”€â”€â”€â”€â”€â”€â”€â”€â”€â”€â”€â”€â”€â”€â”€â”€â”€â”€â”€â”€â”€â”€â”€â”€â”€â”€â”€â”€â”€â”€â”€â”€â”€â”€â”€â”€â”€â”€

    attachment #2: video (video/webm) â”€â”€â”€â”€â”€â”€â”€â”€â”€â”€â”€â”€â”€â”€â”€â”€â”€â”€â”€â”€â”€â”€â”€â”€â”€â”€â”€â”€â”€â”€â”€â”€â”€â”€â”€â”€â”€â”€â”€â”€â”€â”€â”€â”€â”€â”€â”€â”€â”€â”€â”€â”€â”€â”€â”€â”€â”€â”€â”€â”€â”€â”€
    test-results/04-regression-Regression-T-787c2-ON-state-persists-correctly-chromium/video.webm
    â”€â”€â”€â”€â”€â”€â”€â”€â”€â”€â”€â”€â”€â”€â”€â”€â”€â”€â”€â”€â”€â”€â”€â”€â”€â”€â”€â”€â”€â”€â”€â”€â”€â”€â”€â”€â”€â”€â”€â”€â”€â”€â”€â”€â”€â”€â”€â”€â”€â”€â”€â”€â”€â”€â”€â”€â”€â”€â”€â”€â”€â”€â”€â”€â”€â”€â”€â”€â”€â”€â”€â”€â”€â”€â”€â”€â”€â”€â”€â”€â”€â”€â”€â”€â”€â”€â”€â”€â”€â”€â”€â”€â”€â”€â”€â”€

    Error Context: test-results/04-regression-Regression-T-787c2-ON-state-persists-correctly-chromium/error-context.md

  34) [chromium] â€º tests/04-regression.spec.js:199:3 â€º Regression Tests - Pre/Post Refactor â€º REGRESSION: copy functionality works 

    [31mTest timeout of 30000ms exceeded while running "beforeEach" hook.[39m

      12 | test.describe('Regression Tests - Pre/Post Refactor', () => {
      13 |   
    > 14 |   test.beforeEach(async ({ page }) => {
         |        ^
      15 |     await standardSetup(page);
      16 |   });
      17 |
        at /Users/thomaswagner/Desktop/Projects.nosync/promptbuilder/intelligent_prompt_builder/tests/04-regression.spec.js:14:8

    Error: page.waitForLoadState: Test timeout of 30000ms exceeded.

       at fixtures/auth-helper.js:30

      28 |   await setupTestAuth(page);
      29 |   await page.goto('/');
    > 30 |   await page.waitForLoadState('networkidle');
         |              ^
      31 | }
      32 |
        at standardSetup (/Users/thomaswagner/Desktop/Projects.nosync/promptbuilder/intelligent_prompt_builder/tests/fixtures/auth-helper.js:30:14)
        at /Users/thomaswagner/Desktop/Projects.nosync/promptbuilder/intelligent_prompt_builder/tests/04-regression.spec.js:15:5

    attachment #1: screenshot (image/png) â”€â”€â”€â”€â”€â”€â”€â”€â”€â”€â”€â”€â”€â”€â”€â”€â”€â”€â”€â”€â”€â”€â”€â”€â”€â”€â”€â”€â”€â”€â”€â”€â”€â”€â”€â”€â”€â”€â”€â”€â”€â”€â”€â”€â”€â”€â”€â”€â”€â”€â”€â”€â”€â”€â”€â”€â”€â”€
    test-results/04-regression-Regression-T-fb337-ON-copy-functionality-works-chromium/test-failed-1.png
    â”€â”€â”€â”€â”€â”€â”€â”€â”€â”€â”€â”€â”€â”€â”€â”€â”€â”€â”€â”€â”€â”€â”€â”€â”€â”€â”€â”€â”€â”€â”€â”€â”€â”€â”€â”€â”€â”€â”€â”€â”€â”€â”€â”€â”€â”€â”€â”€â”€â”€â”€â”€â”€â”€â”€â”€â”€â”€â”€â”€â”€â”€â”€â”€â”€â”€â”€â”€â”€â”€â”€â”€â”€â”€â”€â”€â”€â”€â”€â”€â”€â”€â”€â”€â”€â”€â”€â”€â”€â”€â”€â”€â”€â”€â”€â”€

    attachment #2: video (video/webm) â”€â”€â”€â”€â”€â”€â”€â”€â”€â”€â”€â”€â”€â”€â”€â”€â”€â”€â”€â”€â”€â”€â”€â”€â”€â”€â”€â”€â”€â”€â”€â”€â”€â”€â”€â”€â”€â”€â”€â”€â”€â”€â”€â”€â”€â”€â”€â”€â”€â”€â”€â”€â”€â”€â”€â”€â”€â”€â”€â”€â”€â”€
    test-results/04-regression-Regression-T-fb337-ON-copy-functionality-works-chromium/video.webm
    â”€â”€â”€â”€â”€â”€â”€â”€â”€â”€â”€â”€â”€â”€â”€â”€â”€â”€â”€â”€â”€â”€â”€â”€â”€â”€â”€â”€â”€â”€â”€â”€â”€â”€â”€â”€â”€â”€â”€â”€â”€â”€â”€â”€â”€â”€â”€â”€â”€â”€â”€â”€â”€â”€â”€â”€â”€â”€â”€â”€â”€â”€â”€â”€â”€â”€â”€â”€â”€â”€â”€â”€â”€â”€â”€â”€â”€â”€â”€â”€â”€â”€â”€â”€â”€â”€â”€â”€â”€â”€â”€â”€â”€â”€â”€â”€

    Error Context: test-results/04-regression-Regression-T-fb337-ON-copy-functionality-works-chromium/error-context.md

  35) [chromium] â€º tests/04-regression.spec.js:216:3 â€º Regression Tests - Pre/Post Refactor â€º REGRESSION: error handling works 

    [31mTest timeout of 30000ms exceeded while running "beforeEach" hook.[39m

      12 | test.describe('Regression Tests - Pre/Post Refactor', () => {
      13 |   
    > 14 |   test.beforeEach(async ({ page }) => {
         |        ^
      15 |     await standardSetup(page);
      16 |   });
      17 |
        at /Users/thomaswagner/Desktop/Projects.nosync/promptbuilder/intelligent_prompt_builder/tests/04-regression.spec.js:14:8

    Error: page.waitForLoadState: Test timeout of 30000ms exceeded.

       at fixtures/auth-helper.js:30

      28 |   await setupTestAuth(page);
      29 |   await page.goto('/');
    > 30 |   await page.waitForLoadState('networkidle');
         |              ^
      31 | }
      32 |
        at standardSetup (/Users/thomaswagner/Desktop/Projects.nosync/promptbuilder/intelligent_prompt_builder/tests/fixtures/auth-helper.js:30:14)
        at /Users/thomaswagner/Desktop/Projects.nosync/promptbuilder/intelligent_prompt_builder/tests/04-regression.spec.js:15:5

    attachment #1: screenshot (image/png) â”€â”€â”€â”€â”€â”€â”€â”€â”€â”€â”€â”€â”€â”€â”€â”€â”€â”€â”€â”€â”€â”€â”€â”€â”€â”€â”€â”€â”€â”€â”€â”€â”€â”€â”€â”€â”€â”€â”€â”€â”€â”€â”€â”€â”€â”€â”€â”€â”€â”€â”€â”€â”€â”€â”€â”€â”€â”€
    test-results/04-regression-Regression-T-47719-ESSION-error-handling-works-chromium/test-failed-1.png
    â”€â”€â”€â”€â”€â”€â”€â”€â”€â”€â”€â”€â”€â”€â”€â”€â”€â”€â”€â”€â”€â”€â”€â”€â”€â”€â”€â”€â”€â”€â”€â”€â”€â”€â”€â”€â”€â”€â”€â”€â”€â”€â”€â”€â”€â”€â”€â”€â”€â”€â”€â”€â”€â”€â”€â”€â”€â”€â”€â”€â”€â”€â”€â”€â”€â”€â”€â”€â”€â”€â”€â”€â”€â”€â”€â”€â”€â”€â”€â”€â”€â”€â”€â”€â”€â”€â”€â”€â”€â”€â”€â”€â”€â”€â”€â”€

    attachment #2: video (video/webm) â”€â”€â”€â”€â”€â”€â”€â”€â”€â”€â”€â”€â”€â”€â”€â”€â”€â”€â”€â”€â”€â”€â”€â”€â”€â”€â”€â”€â”€â”€â”€â”€â”€â”€â”€â”€â”€â”€â”€â”€â”€â”€â”€â”€â”€â”€â”€â”€â”€â”€â”€â”€â”€â”€â”€â”€â”€â”€â”€â”€â”€â”€
    test-results/04-regression-Regression-T-47719-ESSION-error-handling-works-chromium/video.webm
    â”€â”€â”€â”€â”€â”€â”€â”€â”€â”€â”€â”€â”€â”€â”€â”€â”€â”€â”€â”€â”€â”€â”€â”€â”€â”€â”€â”€â”€â”€â”€â”€â”€â”€â”€â”€â”€â”€â”€â”€â”€â”€â”€â”€â”€â”€â”€â”€â”€â”€â”€â”€â”€â”€â”€â”€â”€â”€â”€â”€â”€â”€â”€â”€â”€â”€â”€â”€â”€â”€â”€â”€â”€â”€â”€â”€â”€â”€â”€â”€â”€â”€â”€â”€â”€â”€â”€â”€â”€â”€â”€â”€â”€â”€â”€â”€

    Error Context: test-results/04-regression-Regression-T-47719-ESSION-error-handling-works-chromium/error-context.md

  35 failed
    [chromium] â€º tests/01-core-prompt-building.spec.js:17:3 â€º Core Prompt Building â€º should load the application successfully 
    [chromium] â€º tests/01-core-prompt-building.spec.js:23:3 â€º Core Prompt Building â€º should generate a simple prompt 
    [chromium] â€º tests/01-core-prompt-building.spec.js:41:3 â€º Core Prompt Building â€º should change output type and generate 
    [chromium] â€º tests/01-core-prompt-building.spec.js:60:3 â€º Core Prompt Building â€º should change tone and generate different output 
    [chromium] â€º tests/01-core-prompt-building.spec.js:81:3 â€º Core Prompt Building â€º should change style and format 
    [chromium] â€º tests/01-core-prompt-building.spec.js:108:3 â€º Core Prompt Building â€º should show error for empty input 
    [chromium] â€º tests/01-core-prompt-building.spec.js:120:3 â€º Core Prompt Building â€º should copy prompt to clipboard 
    [chromium] â€º tests/01-core-prompt-building.spec.js:137:3 â€º Core Prompt Building â€º should handle multiple consecutive generations 
    [chromium] â€º tests/01-core-prompt-building.spec.js:153:3 â€º Core Prompt Building â€º should show token count estimation 
    [chromium] â€º tests/02-ui-controls.spec.js:17:3 â€º UI Controls â€º should toggle dark mode â”€â”€â”€â”€â”€â”€â”€â”€â”€
    [chromium] â€º tests/02-ui-controls.spec.js:43:3 â€º UI Controls â€º should expand and collapse sections 
    [chromium] â€º tests/02-ui-controls.spec.js:63:3 â€º UI Controls â€º should open and close settings â”€â”€
    [chromium] â€º tests/02-ui-controls.spec.js:87:3 â€º UI Controls â€º should show quickstart templates 
    [chromium] â€º tests/02-ui-controls.spec.js:103:3 â€º UI Controls â€º should select a quickstart template 
    [chromium] â€º tests/02-ui-controls.spec.js:124:3 â€º UI Controls â€º should show history panel â”€â”€â”€â”€â”€â”€
    [chromium] â€º tests/02-ui-controls.spec.js:140:3 â€º UI Controls â€º should handle responsive layout 
    [chromium] â€º tests/02-ui-controls.spec.js:161:3 â€º UI Controls â€º should show tooltips on hover â”€â”€
    [chromium] â€º tests/02-ui-controls.spec.js:178:3 â€º UI Controls â€º should reset form â”€â”€â”€â”€â”€â”€â”€â”€â”€â”€â”€â”€â”€â”€
    [chromium] â€º tests/02-ui-controls.spec.js:195:3 â€º UI Controls â€º should show loading state during generation 
    [chromium] â€º tests/03-history-management.spec.js:17:3 â€º History Management â€º should save prompt to history after generation 
    [chromium] â€º tests/03-history-management.spec.js:39:3 â€º History Management â€º should load prompt from history 
    [chromium] â€º tests/03-history-management.spec.js:69:3 â€º History Management â€º should delete individual history item 
    [chromium] â€º tests/03-history-management.spec.js:102:3 â€º History Management â€º should clear all history 
    [chromium] â€º tests/03-history-management.spec.js:137:3 â€º History Management â€º should persist history across page reloads 
    [chromium] â€º tests/03-history-management.spec.js:163:3 â€º History Management â€º should show empty state when no history 
    [chromium] â€º tests/03-history-management.spec.js:190:3 â€º History Management â€º should show history item metadata 
    [chromium] â€º tests/04-regression.spec.js:18:3 â€º Regression Tests - Pre/Post Refactor â€º REGRESSION: identical output for same inputs 
    [chromium] â€º tests/04-regression.spec.js:44:3 â€º Regression Tests - Pre/Post Refactor â€º REGRESSION: all output types work 
    [chromium] â€º tests/04-regression.spec.js:74:3 â€º Regression Tests - Pre/Post Refactor â€º REGRESSION: all tones work 
    [chromium] â€º tests/04-regression.spec.js:100:3 â€º Regression Tests - Pre/Post Refactor â€º REGRESSION: all formats work 
    [chromium] â€º tests/04-regression.spec.js:126:3 â€º Regression Tests - Pre/Post Refactor â€º REGRESSION: no console errors during normal flow 
    [chromium] â€º tests/04-regression.spec.js:151:3 â€º Regression Tests - Pre/Post Refactor â€º REGRESSION: API calls complete successfully 
    [chromium] â€º tests/04-regression.spec.js:178:3 â€º Regression Tests - Pre/Post Refactor â€º REGRESSION: state persists correctly 
    [chromium] â€º tests/04-regression.spec.js:199:3 â€º Regression Tests - Pre/Post Refactor â€º REGRESSION: copy functionality works 
    [chromium] â€º tests/04-regression.spec.js:216:3 â€º Regression Tests - Pre/Post Refactor â€º REGRESSION: error handling works 

[36m  Serving HTML report at http://localhost:9323. Press Ctrl+C to quit.[39m
